Log file open, 05/29/16 12:13:01
LogInit:Display: Running engine for game: BuildingEscape
LogPlatformFile: Not using cached read wrapper
LogInit:Display: RandInit(1786409558) SRandInit(1786409560).
LogTaskGraph: Started task graph with 4 named threads and 7 total threads.
LogStats: Stats thread started at 0.084352
LogInit: Version: 4.11.2-2946394+++UE4+Release-4.11
LogInit: API Version: 2927265
LogInit: Compiled (64-bit): Apr 18 2016 02:18:46
LogInit: Compiled with Visual C++: 19.00.23026.00
LogInit: Build Configuration: Development
LogInit: Branch Name: ++UE4+Release-4.11
LogInit: Command line: -EpicPortal 
LogInit: Base directory: C:/Program Files/Epic Games/4.11/Engine/Binaries/Win64/
LogInit: Installed Engine Build: 1
LogInit: Using libcurl 7.41.0
LogInit:  - built for x86_64-pc-win32
LogInit:  - supports SSL with WinSSL
LogInit:  - other features:
LogInit:      CURL_VERSION_SSL
LogInit:      CURL_VERSION_IPV6
LogInit:      CURL_VERSION_ASYNCHDNS
LogInit:      CURL_VERSION_LARGEFILE
LogInit:      CURL_VERSION_IDN
LogInit:  CurlRequestOptions (configurable via config and command line):
LogInit:  - bVerifyPeer = true  - Libcurl will verify peer certificate
LogInit:  - bUseHttpProxy = false  - Libcurl will NOT use HTTP proxy
LogInit:  - bDontReuseConnections = false  - Libcurl will reuse connections
LogInit:  - CertBundlePath = nullptr  - Libcurl will use whatever was configured at build time.
LogInit: Presizing for max 16777216 objects, including 0 objects not considered by GC, pre-allocating 0 bytes for permanent pool.
LogInit: Object subsystem initialized
[2016.05.29-16.13.02:006][  0]LogInit: Selected Device Profile: [Windows]
[2016.05.29-16.13.02:006][  0]LogInit: Applying CVar settings loaded from the selected device profile: [Windows]
[2016.05.29-16.13.02:015][  0]LogInit: Computer: FAHAD-PC
[2016.05.29-16.13.02:015][  0]LogInit: User: Fahad
[2016.05.29-16.13.02:015][  0]LogInit: CPU Page size=65536, Cores=4
[2016.05.29-16.13.02:015][  0]LogInit: High frequency timer resolution =3.215353 MHz
[2016.05.29-16.13.02:015][  0]LogMemory: Memory total: Physical=8.0GB (8GB approx)
[2016.05.29-16.13.02:015][  0]LogMemory: Platform Memory Stats for Windows
[2016.05.29-16.13.02:015][  0]LogMemory: Process Physical Memory: 313.22 MB used, 313.22 MB peak
[2016.05.29-16.13.02:015][  0]LogMemory: Process Virtual Memory: 315.83 MB used, 315.83 MB peak
[2016.05.29-16.13.02:015][  0]LogMemory: Physical Memory: 5483.78 MB used, 8174.67 MB total
[2016.05.29-16.13.02:015][  0]LogMemory: Virtual Memory: 652.55 MB used, 134217728.00 MB total
[2016.05.29-16.13.02:065][  0]LogTextLocalizationManager: No specific translations for ('en-US') exist, so ('en') translations will be used.
[2016.05.29-16.13.02:491][  0]LogD3D11RHI: D3D11 adapters:
[2016.05.29-16.13.02:527][  0]LogD3D11RHI:    0. 'NVIDIA GeForce GTX 970' (Feature Level 11_0)
[2016.05.29-16.13.02:527][  0]LogD3D11RHI:       4007MB of dedicated video memory, 0MB of dedicated system memory, and 4087MB of shared system memory, 2 output[s]
[2016.05.29-16.13.02:529][  0]LogD3D11RHI:    1. 'Microsoft Basic Render Driver' (Feature Level 11_0)
[2016.05.29-16.13.02:529][  0]LogD3D11RHI:       0MB of dedicated video memory, 0MB of dedicated system memory, and 4087MB of shared system memory, 0 output[s]
[2016.05.29-16.13.02:529][  0]LogD3D11RHI: Chosen D3D11 Adapter: 0
[2016.05.29-16.13.02:534][  0]LogD3D11RHI: Creating new Direct3DDevice
[2016.05.29-16.13.02:534][  0]LogD3D11RHI:     Adapter Name: NVIDIA GeForce GTX 970
[2016.05.29-16.13.02:534][  0]LogD3D11RHI:   Driver Version: 10.18.13.6510 (internal 10.18.13.6510)
[2016.05.29-16.13.02:534][  0]LogD3D11RHI:      Driver Date: 4-27-2016
[2016.05.29-16.13.02:534][  0]LogRHI: Texture pool is 1361 MB (70% of 1945 MB)
[2016.05.29-16.13.02:548][  0]LogD3D11RHI: Async texture creation enabled
[2016.05.29-16.13.03:105][  0]LogShaderCompilers: Guid format shader working directory is -57 characters bigger than the processId version (../../../../../../Users/Fahad/Desktop/MX2 Game Suite/GitHub Directory/03_BuildingEscape/BuildingEscape/Intermediate/Shaders/WorkingDirectory/11940/).
[2016.05.29-16.13.03:105][  0]LogShaderCompilers: Cleaned the shader compiler working directory 'C:/Users/Fahad/AppData/Local/Temp/UnrealShaderWorkingDir/DC51BAA64B0710CCBD29DF922878D008/'.
[2016.05.29-16.13.03:105][  0]LogShaderCompilers:Display: Using Local Shader Compiler.
[2016.05.29-16.13.04:906][  0]LogTemp:Display: Loaded TP AllDesktopTargetPlatform
[2016.05.29-16.13.04:912][  0]LogTemp:Display: Loaded TP WindowsClientTargetPlatform
[2016.05.29-16.13.04:919][  0]LogTemp:Display: Loaded TP WindowsNoEditorTargetPlatform
[2016.05.29-16.13.04:925][  0]LogTemp:Display: Loaded TP WindowsServerTargetPlatform
[2016.05.29-16.13.04:931][  0]LogTemp:Display: Loaded TP WindowsTargetPlatform
[2016.05.29-16.13.04:935][  0]LogTemp:Display: Loaded TP AndroidTargetPlatform
[2016.05.29-16.13.04:940][  0]LogTemp:Display: Loaded TP Android_ASTCTargetPlatform
[2016.05.29-16.13.04:944][  0]LogTemp:Display: Loaded TP Android_ATCTargetPlatform
[2016.05.29-16.13.04:948][  0]LogTemp:Display: Loaded TP Android_DXTTargetPlatform
[2016.05.29-16.13.04:952][  0]LogTemp:Display: Loaded TP Android_ETC1TargetPlatform
[2016.05.29-16.13.04:956][  0]LogTemp:Display: Loaded TP Android_ETC2TargetPlatform
[2016.05.29-16.13.04:964][  0]LogTemp:Display: Loaded TP Android_MultiTargetPlatform
[2016.05.29-16.13.04:964][  0]LogTemp:Display: Loaded TP Android_PVRTCTargetPlatform
[2016.05.29-16.13.04:966][  0]LogTemp:Display: Loaded TP HTML5TargetPlatform
[2016.05.29-16.13.04:986][  0]LogTemp:Display: Loaded TP IOSTargetPlatform
[2016.05.29-16.13.04:990][  0]LogTemp:Display: Loaded TP TVOSTargetPlatform
[2016.05.29-16.13.04:993][  0]LogTemp:Display: Loaded TP LinuxNoEditorTargetPlatform
[2016.05.29-16.13.04:997][  0]LogTemp:Display: Loaded TP LinuxServerTargetPlatform
[2016.05.29-16.13.05:001][  0]LogTemp:Display: Loaded TP LinuxTargetPlatform
[2016.05.29-16.13.05:001][  0]LogTargetPlatformManager:Display: Building Assets For Windows
[2016.05.29-16.13.05:118][  0]LogDerivedDataCache:Display: Max Cache Size: 512 MB
[2016.05.29-16.13.05:170][  0]LogDerivedDataCache: Loaded boot cache 0.05s 46MB C:/Users/Fahad/AppData/Local/UnrealEngine/4.11/DerivedDataCache/Boot.ddc.
[2016.05.29-16.13.05:170][  0]LogDerivedDataCache:Display: Loaded Boot cache: C:/Users/Fahad/AppData/Local/UnrealEngine/4.11/DerivedDataCache/Boot.ddc
[2016.05.29-16.13.05:170][  0]LogDerivedDataCache: FDerivedDataBackendGraph:  Pak pak cache file ../../../../../../Users/Fahad/Desktop/MX2 Game Suite/GitHub Directory/03_BuildingEscape/BuildingEscape/DerivedDataCache/DDC.ddp not found, will not use a pak cache.
[2016.05.29-16.13.05:170][  0]LogDerivedDataCache: Unable to find inner node Pak for hierarchical cache Hierarchy.
[2016.05.29-16.13.05:170][  0]LogDerivedDataCache: FDerivedDataBackendGraph:  CompressedPak pak cache file ../../../../../../Users/Fahad/Desktop/MX2 Game Suite/GitHub Directory/03_BuildingEscape/BuildingEscape/DerivedDataCache/Compressed.ddp not found, will not use a pak cache.
[2016.05.29-16.13.05:170][  0]LogDerivedDataCache: Unable to find inner node CompressedPak for hierarchical cache Hierarchy.
[2016.05.29-16.13.05:187][  0]LogDerivedDataCache:Display: Pak cache opened for reading ../../../Engine/DerivedDataCache/Compressed.ddp.
[2016.05.29-16.13.05:199][  0]LogDerivedDataCache: Using Local data cache path C:/Users/Fahad/AppData/Local/UnrealEngine/Common/DerivedDataCache: Writable
[2016.05.29-16.13.05:429][  0]LogInit: Selected Device Profile: [Windows]
[2016.05.29-16.13.05:429][  0]LogContentStreaming: Texture pool size is 0.00 MB
[2016.05.29-16.13.05:474][  0]LogMaterial: Uniform references updated for custom material expression Custom.
[2016.05.29-16.13.05:618][  0]LogMeshUtilities: No automatic mesh reduction module available
[2016.05.29-16.13.05:618][  0]LogMeshUtilities: No automatic mesh merging module available
[2016.05.29-16.13.05:618][  0]LogMeshUtilities: No distributed automatic mesh merging module available
[2016.05.29-16.13.05:888][  0]LogUObjectArray: 27679 objects as part of root set at end of initial load.
[2016.05.29-16.13.05:888][  0]LogUObjectAllocator: 5591600 out of 0 bytes used by permanent object pool.
[2016.05.29-16.13.05:888][  0]LogUObjectArray: CloseDisregardForGC: 0/0 objects in disregard for GC pool
[2016.05.29-16.13.05:899][  0]LogInit: WinSock: version 1.1 (2.2), MaxSocks=32767, MaxUdp=65467
[2016.05.29-16.13.06:033][  0]LogSlate: SlateFontCache - WITH_FREETYPE: 1, WITH_HARFBUZZ: 1
[2016.05.29-16.13.06:034][  0]LogSlate: SlateFontCache - WITH_FREETYPE: 1, WITH_HARFBUZZ: 1
[2016.05.29-16.13.06:204][  0]LogStreaming:Warning: Failed to read file '../../../Engine/Content/Editor/Slate/Common/Selection_16x.png' error.
[2016.05.29-16.13.06:204][  0]LogSlate: Could not find file for Slate resource: ../../../Engine/Content/Editor/Slate/Common/Selection_16x.png
[2016.05.29-16.13.06:205][  0]LogStreaming:Warning: Failed to read file '../../../Engine/Content/Editor/Slate/Common/Selection_16x.png' error.
[2016.05.29-16.13.06:205][  0]LogSlate: Could not find file for Slate resource: ../../../Engine/Content/Editor/Slate/Common/Selection_16x.png
[2016.05.29-16.13.06:205][  0]LogStreaming:Warning: Failed to read file '../../../Engine/Content/Editor/Slate/Common/Selection_16x.png' error.
[2016.05.29-16.13.06:205][  0]LogSlate: Could not find file for Slate resource: ../../../Engine/Content/Editor/Slate/Common/Selection_16x.png
[2016.05.29-16.13.07:069][  0]LogUdpMessaging: Initializing bridge on interface 0.0.0.0:0 to multicast group 230.0.0.1:6666.
[2016.05.29-16.13.07:198][  0]LogAssetRegistry: FAssetRegistry took 0.0215 seconds to start up
[2016.05.29-16.13.07:374][  0]SourceControl: Info Source control is disabled
[2016.05.29-16.13.07:375][  0]SourceControl: Info Source control is disabled
[2016.05.29-16.13.07:387][  0]SourceControl: Info Source control is disabled
[2016.05.29-16.13.07:399][  0]SourceControl: Info Source control is disabled
[2016.05.29-16.13.07:586][  0]LogHMD: Failed to initialize OpenVR with code 108
[2016.05.29-16.13.07:673][  0]LogEngine: Initializing Engine...
[2016.05.29-16.13.07:830][  0]LogAIModule: Creating AISystem for world NewWorld
[2016.05.29-16.13.07:839][  0]LogInit: XAudio2 using 'Speakers (2- Logitech USB Headset)' : 2 channels at 44.1 kHz using 16 bits per sample (channel mask 0x3)
[2016.05.29-16.13.07:851][  0]LogInit: FAudioDevice initialized.
[2016.05.29-16.13.07:874][  0]LogDerivedDataCache: Saved boot cache 0.02s 46MB C:/Users/Fahad/AppData/Local/UnrealEngine/4.11/DerivedDataCache/Boot.ddc.
[2016.05.29-16.13.07:881][  0]LogInit: Texture streaming: Enabled
[2016.05.29-16.13.07:914][  0]LogInit: Transaction tracking system initialized
[2016.05.29-16.13.07:949][  0]BlueprintLog: New page: Editor Load
[2016.05.29-16.13.08:177][  0]LocalizationService: Info Localization service is disabled
[2016.05.29-16.13.08:326][  0]LogConsoleResponse:Display: 
[2016.05.29-16.13.08:446][  0]LogFileCache: Scanning file cache for directory 'C:/Users/Fahad/Desktop/MX2 Game Suite/GitHub Directory/03_BuildingEscape/BuildingEscape/Content/' took 0.01s
[2016.05.29-16.13.08:446][  0]LogCook:Display: Max memory allowance for cook 8192mb
[2016.05.29-16.13.08:446][  0]LogCook:Display: Mobile HDR setting 1
[2016.05.29-16.13.08:446][  0]LogCook:Display: Done creating registry. It took  0.00s.
[2016.05.29-16.13.08:524][  0]SourceControl: Info Source control is disabled
[2016.05.29-16.13.08:525][  0]LogFactory: FactoryCreateBinary: PackFactory with PackFactory (0 0 C:/Program Files/Epic Games/4.11/FeaturePacks/StarterContent.upack)
[2016.05.29-16.13.08:532][  0]LogPackFactory: Finished extracting 8 files (including 0 errors).
[2016.05.29-16.13.08:572][  0]LogPackFactory: Copied "../../../Samples/StarterContent/Content/StarterContent/Architecture/Floor_400x400.uasset" to "../../../../../../Users/Fahad/Desktop/MX2 Game Suite/GitHub Directory/03_BuildingEscape/BuildingEscape/Content/StarterContent/Architecture/Floor_400x400.uasset"
[2016.05.29-16.13.08:629][  0]LogPackFactory: Copied "../../../Samples/StarterContent/Content/StarterContent/Architecture/Pillar_50x500.uasset" to "../../../../../../Users/Fahad/Desktop/MX2 Game Suite/GitHub Directory/03_BuildingEscape/BuildingEscape/Content/StarterContent/Architecture/Pillar_50x500.uasset"
[2016.05.29-16.13.08:850][  0]LogPackFactory: Copied "../../../Samples/StarterContent/Content/StarterContent/Architecture/SM_AssetPlatform.uasset" to "../../../../../../Users/Fahad/Desktop/MX2 Game Suite/GitHub Directory/03_BuildingEscape/BuildingEscape/Content/StarterContent/Architecture/SM_AssetPlatform.uasset"
[2016.05.29-16.13.08:893][  0]LogPackFactory: Copied "../../../Samples/StarterContent/Content/StarterContent/Architecture/Wall_400x200.uasset" to "../../../../../../Users/Fahad/Desktop/MX2 Game Suite/GitHub Directory/03_BuildingEscape/BuildingEscape/Content/StarterContent/Architecture/Wall_400x200.uasset"
[2016.05.29-16.13.08:927][  0]LogPackFactory: Copied "../../../Samples/StarterContent/Content/StarterContent/Architecture/Wall_400x300.uasset" to "../../../../../../Users/Fahad/Desktop/MX2 Game Suite/GitHub Directory/03_BuildingEscape/BuildingEscape/Content/StarterContent/Architecture/Wall_400x300.uasset"
[2016.05.29-16.13.08:996][  0]LogPackFactory: Copied "../../../Samples/StarterContent/Content/StarterContent/Architecture/Wall_400x400.uasset" to "../../../../../../Users/Fahad/Desktop/MX2 Game Suite/GitHub Directory/03_BuildingEscape/BuildingEscape/Content/StarterContent/Architecture/Wall_400x400.uasset"
[2016.05.29-16.13.09:039][  0]LogPackFactory: Copied "../../../Samples/StarterContent/Content/StarterContent/Architecture/Wall_500x500.uasset" to "../../../../../../Users/Fahad/Desktop/MX2 Game Suite/GitHub Directory/03_BuildingEscape/BuildingEscape/Content/StarterContent/Architecture/Wall_500x500.uasset"
[2016.05.29-16.13.09:065][  0]LogPackFactory: Copied "../../../Samples/StarterContent/Content/StarterContent/Architecture/Wall_Door_400x300.uasset" to "../../../../../../Users/Fahad/Desktop/MX2 Game Suite/GitHub Directory/03_BuildingEscape/BuildingEscape/Content/StarterContent/Architecture/Wall_Door_400x300.uasset"
[2016.05.29-16.13.09:401][  0]LogPackFactory: Copied "../../../Samples/StarterContent/Content/StarterContent/Architecture/Wall_Door_400x400.uasset" to "../../../../../../Users/Fahad/Desktop/MX2 Game Suite/GitHub Directory/03_BuildingEscape/BuildingEscape/Content/StarterContent/Architecture/Wall_Door_400x400.uasset"
[2016.05.29-16.13.09:419][  0]LogPackFactory: Copied "../../../Samples/StarterContent/Content/StarterContent/Architecture/Wall_Window_400x300.uasset" to "../../../../../../Users/Fahad/Desktop/MX2 Game Suite/GitHub Directory/03_BuildingEscape/BuildingEscape/Content/StarterContent/Architecture/Wall_Window_400x300.uasset"
[2016.05.29-16.13.09:448][  0]LogPackFactory: Copied "../../../Samples/StarterContent/Content/StarterContent/Architecture/Wall_Window_400x400.uasset" to "../../../../../../Users/Fahad/Desktop/MX2 Game Suite/GitHub Directory/03_BuildingEscape/BuildingEscape/Content/StarterContent/Architecture/Wall_Window_400x400.uasset"
[2016.05.29-16.13.09:503][  0]LogPackFactory: Copied "../../../Samples/StarterContent/Content/StarterContent/Audio/Collapse01.uasset" to "../../../../../../Users/Fahad/Desktop/MX2 Game Suite/GitHub Directory/03_BuildingEscape/BuildingEscape/Content/StarterContent/Audio/Collapse01.uasset"
[2016.05.29-16.13.09:675][  0]LogPackFactory: Copied "../../../Samples/StarterContent/Content/StarterContent/Audio/Collapse02.uasset" to "../../../../../../Users/Fahad/Desktop/MX2 Game Suite/GitHub Directory/03_BuildingEscape/BuildingEscape/Content/StarterContent/Audio/Collapse02.uasset"
[2016.05.29-16.13.09:699][  0]LogPackFactory: Copied "../../../Samples/StarterContent/Content/StarterContent/Audio/Collapse_Cue.uasset" to "../../../../../../Users/Fahad/Desktop/MX2 Game Suite/GitHub Directory/03_BuildingEscape/BuildingEscape/Content/StarterContent/Audio/Collapse_Cue.uasset"
[2016.05.29-16.13.09:856][  0]LogPackFactory: Copied "../../../Samples/StarterContent/Content/StarterContent/Audio/Explosion01.uasset" to "../../../../../../Users/Fahad/Desktop/MX2 Game Suite/GitHub Directory/03_BuildingEscape/BuildingEscape/Content/StarterContent/Audio/Explosion01.uasset"
[2016.05.29-16.13.09:989][  0]LogPackFactory: Copied "../../../Samples/StarterContent/Content/StarterContent/Audio/Explosion02.uasset" to "../../../../../../Users/Fahad/Desktop/MX2 Game Suite/GitHub Directory/03_BuildingEscape/BuildingEscape/Content/StarterContent/Audio/Explosion02.uasset"
[2016.05.29-16.13.10:030][  0]LogPackFactory: Copied "../../../Samples/StarterContent/Content/StarterContent/Audio/Explosion_Cue.uasset" to "../../../../../../Users/Fahad/Desktop/MX2 Game Suite/GitHub Directory/03_BuildingEscape/BuildingEscape/Content/StarterContent/Audio/Explosion_Cue.uasset"
[2016.05.29-16.13.10:264][  0]LogPackFactory: Copied "../../../Samples/StarterContent/Content/StarterContent/Audio/Fire01.uasset" to "../../../../../../Users/Fahad/Desktop/MX2 Game Suite/GitHub Directory/03_BuildingEscape/BuildingEscape/Content/StarterContent/Audio/Fire01.uasset"
[2016.05.29-16.13.10:302][  0]LogPackFactory: Copied "../../../Samples/StarterContent/Content/StarterContent/Audio/Fire01_Cue.uasset" to "../../../../../../Users/Fahad/Desktop/MX2 Game Suite/GitHub Directory/03_BuildingEscape/BuildingEscape/Content/StarterContent/Audio/Fire01_Cue.uasset"
[2016.05.29-16.13.11:359][  0]LogPackFactory: Copied "../../../Samples/StarterContent/Content/StarterContent/Audio/Fire_Sparks01.uasset" to "../../../../../../Users/Fahad/Desktop/MX2 Game Suite/GitHub Directory/03_BuildingEscape/BuildingEscape/Content/StarterContent/Audio/Fire_Sparks01.uasset"
[2016.05.29-16.13.11:374][  0]LogPackFactory: Copied "../../../Samples/StarterContent/Content/StarterContent/Audio/Fire_Sparks01_Cue.uasset" to "../../../../../../Users/Fahad/Desktop/MX2 Game Suite/GitHub Directory/03_BuildingEscape/BuildingEscape/Content/StarterContent/Audio/Fire_Sparks01_Cue.uasset"
[2016.05.29-16.13.11:496][  0]LogPackFactory: Copied "../../../Samples/StarterContent/Content/StarterContent/Audio/Light01.uasset" to "../../../../../../Users/Fahad/Desktop/MX2 Game Suite/GitHub Directory/03_BuildingEscape/BuildingEscape/Content/StarterContent/Audio/Light01.uasset"
[2016.05.29-16.13.11:519][  0]LogPackFactory: Copied "../../../Samples/StarterContent/Content/StarterContent/Audio/Light01_Cue.uasset" to "../../../../../../Users/Fahad/Desktop/MX2 Game Suite/GitHub Directory/03_BuildingEscape/BuildingEscape/Content/StarterContent/Audio/Light01_Cue.uasset"
[2016.05.29-16.13.11:793][  0]LogPackFactory: Copied "../../../Samples/StarterContent/Content/StarterContent/Audio/Light02.uasset" to "../../../../../../Users/Fahad/Desktop/MX2 Game Suite/GitHub Directory/03_BuildingEscape/BuildingEscape/Content/StarterContent/Audio/Light02.uasset"
[2016.05.29-16.13.11:840][  0]LogPackFactory: Copied "../../../Samples/StarterContent/Content/StarterContent/Audio/Light02_Cue.uasset" to "../../../../../../Users/Fahad/Desktop/MX2 Game Suite/GitHub Directory/03_BuildingEscape/BuildingEscape/Content/StarterContent/Audio/Light02_Cue.uasset"
[2016.05.29-16.13.12:197][  0]LogPackFactory: Copied "../../../Samples/StarterContent/Content/StarterContent/Audio/Smoke01.uasset" to "../../../../../../Users/Fahad/Desktop/MX2 Game Suite/GitHub Directory/03_BuildingEscape/BuildingEscape/Content/StarterContent/Audio/Smoke01.uasset"
[2016.05.29-16.13.12:224][  0]LogPackFactory: Copied "../../../Samples/StarterContent/Content/StarterContent/Audio/Smoke01_Cue.uasset" to "../../../../../../Users/Fahad/Desktop/MX2 Game Suite/GitHub Directory/03_BuildingEscape/BuildingEscape/Content/StarterContent/Audio/Smoke01_Cue.uasset"
[2016.05.29-16.13.12:263][  0]LogPackFactory: Copied "../../../Samples/StarterContent/Content/StarterContent/Audio/Starter_Background_Cue.uasset" to "../../../../../../Users/Fahad/Desktop/MX2 Game Suite/GitHub Directory/03_BuildingEscape/BuildingEscape/Content/StarterContent/Audio/Starter_Background_Cue.uasset"
[2016.05.29-16.13.13:688][  0]LogPackFactory: Copied "../../../Samples/StarterContent/Content/StarterContent/Audio/Starter_Birds01.uasset" to "../../../../../../Users/Fahad/Desktop/MX2 Game Suite/GitHub Directory/03_BuildingEscape/BuildingEscape/Content/StarterContent/Audio/Starter_Birds01.uasset"
[2016.05.29-16.13.16:954][  0]LogPackFactory: Copied "../../../Samples/StarterContent/Content/StarterContent/Audio/Starter_Music01.uasset" to "../../../../../../Users/Fahad/Desktop/MX2 Game Suite/GitHub Directory/03_BuildingEscape/BuildingEscape/Content/StarterContent/Audio/Starter_Music01.uasset"
[2016.05.29-16.13.16:975][  0]LogPackFactory: Copied "../../../Samples/StarterContent/Content/StarterContent/Audio/Starter_Music_Cue.uasset" to "../../../../../../Users/Fahad/Desktop/MX2 Game Suite/GitHub Directory/03_BuildingEscape/BuildingEscape/Content/StarterContent/Audio/Starter_Music_Cue.uasset"
[2016.05.29-16.13.18:014][  0]LogPackFactory: Copied "../../../Samples/StarterContent/Content/StarterContent/Audio/Starter_Wind05.uasset" to "../../../../../../Users/Fahad/Desktop/MX2 Game Suite/GitHub Directory/03_BuildingEscape/BuildingEscape/Content/StarterContent/Audio/Starter_Wind05.uasset"
[2016.05.29-16.13.19:002][  0]LogPackFactory: Copied "../../../Samples/StarterContent/Content/StarterContent/Audio/Starter_Wind06.uasset" to "../../../../../../Users/Fahad/Desktop/MX2 Game Suite/GitHub Directory/03_BuildingEscape/BuildingEscape/Content/StarterContent/Audio/Starter_Wind06.uasset"
[2016.05.29-16.13.19:320][  0]LogPackFactory: Copied "../../../Samples/StarterContent/Content/StarterContent/Audio/Steam01.uasset" to "../../../../../../Users/Fahad/Desktop/MX2 Game Suite/GitHub Directory/03_BuildingEscape/BuildingEscape/Content/StarterContent/Audio/Steam01.uasset"
[2016.05.29-16.13.19:345][  0]LogPackFactory: Copied "../../../Samples/StarterContent/Content/StarterContent/Audio/Steam01_Cue.uasset" to "../../../../../../Users/Fahad/Desktop/MX2 Game Suite/GitHub Directory/03_BuildingEscape/BuildingEscape/Content/StarterContent/Audio/Steam01_Cue.uasset"
[2016.05.29-16.13.19:440][  0]LogPackFactory: Copied "../../../Samples/StarterContent/Content/StarterContent/Blueprints/Blueprint_CeilingLight.uasset" to "../../../../../../Users/Fahad/Desktop/MX2 Game Suite/GitHub Directory/03_BuildingEscape/BuildingEscape/Content/StarterContent/Blueprints/Blueprint_CeilingLight.uasset"
[2016.05.29-16.13.19:468][  0]LogPackFactory: Copied "../../../Samples/StarterContent/Content/StarterContent/Blueprints/Blueprint_Effect_Explosion.uasset" to "../../../../../../Users/Fahad/Desktop/MX2 Game Suite/GitHub Directory/03_BuildingEscape/BuildingEscape/Content/StarterContent/Blueprints/Blueprint_Effect_Explosion.uasset"
[2016.05.29-16.13.19:503][  0]LogPackFactory: Copied "../../../Samples/StarterContent/Content/StarterContent/Blueprints/Blueprint_Effect_Fire.uasset" to "../../../../../../Users/Fahad/Desktop/MX2 Game Suite/GitHub Directory/03_BuildingEscape/BuildingEscape/Content/StarterContent/Blueprints/Blueprint_Effect_Fire.uasset"
[2016.05.29-16.13.19:519][  0]LogPackFactory: Copied "../../../Samples/StarterContent/Content/StarterContent/Blueprints/Blueprint_Effect_Smoke.uasset" to "../../../../../../Users/Fahad/Desktop/MX2 Game Suite/GitHub Directory/03_BuildingEscape/BuildingEscape/Content/StarterContent/Blueprints/Blueprint_Effect_Smoke.uasset"
[2016.05.29-16.13.19:540][  0]LogPackFactory: Copied "../../../Samples/StarterContent/Content/StarterContent/Blueprints/Blueprint_Effect_Sparks.uasset" to "../../../../../../Users/Fahad/Desktop/MX2 Game Suite/GitHub Directory/03_BuildingEscape/BuildingEscape/Content/StarterContent/Blueprints/Blueprint_Effect_Sparks.uasset"
[2016.05.29-16.13.19:563][  0]LogPackFactory: Copied "../../../Samples/StarterContent/Content/StarterContent/Blueprints/Blueprint_Effect_Steam.uasset" to "../../../../../../Users/Fahad/Desktop/MX2 Game Suite/GitHub Directory/03_BuildingEscape/BuildingEscape/Content/StarterContent/Blueprints/Blueprint_Effect_Steam.uasset"
[2016.05.29-16.13.19:760][  0]LogPackFactory: Copied "../../../Samples/StarterContent/Content/StarterContent/Blueprints/Blueprint_WallSconce.uasset" to "../../../../../../Users/Fahad/Desktop/MX2 Game Suite/GitHub Directory/03_BuildingEscape/BuildingEscape/Content/StarterContent/Blueprints/Blueprint_WallSconce.uasset"
[2016.05.29-16.13.19:876][  0]LogPackFactory: Copied "../../../Samples/StarterContent/Content/StarterContent/Blueprints/BP_LightStudio.uasset" to "../../../../../../Users/Fahad/Desktop/MX2 Game Suite/GitHub Directory/03_BuildingEscape/BuildingEscape/Content/StarterContent/Blueprints/BP_LightStudio.uasset"
[2016.05.29-16.13.19:889][  0]LogPackFactory: Copied "../../../Samples/StarterContent/Content/StarterContent/Blueprints/Assets/FogBrightnessLUT.uasset" to "../../../../../../Users/Fahad/Desktop/MX2 Game Suite/GitHub Directory/03_BuildingEscape/BuildingEscape/Content/StarterContent/Blueprints/Assets/FogBrightnessLUT.uasset"
[2016.05.29-16.13.19:911][  0]LogPackFactory: Copied "../../../Samples/StarterContent/Content/StarterContent/Blueprints/Assets/M_LightStage_Arrows.uasset" to "../../../../../../Users/Fahad/Desktop/MX2 Game Suite/GitHub Directory/03_BuildingEscape/BuildingEscape/Content/StarterContent/Blueprints/Assets/M_LightStage_Arrows.uasset"
[2016.05.29-16.13.19:937][  0]LogPackFactory: Copied "../../../Samples/StarterContent/Content/StarterContent/Blueprints/Assets/M_LightStage_Skybox_Black.uasset" to "../../../../../../Users/Fahad/Desktop/MX2 Game Suite/GitHub Directory/03_BuildingEscape/BuildingEscape/Content/StarterContent/Blueprints/Assets/M_LightStage_Skybox_Black.uasset"
[2016.05.29-16.13.19:983][  0]LogPackFactory: Copied "../../../Samples/StarterContent/Content/StarterContent/Blueprints/Assets/M_LightStage_Skybox_HDRI.uasset" to "../../../../../../Users/Fahad/Desktop/MX2 Game Suite/GitHub Directory/03_BuildingEscape/BuildingEscape/Content/StarterContent/Blueprints/Assets/M_LightStage_Skybox_HDRI.uasset"
[2016.05.29-16.13.20:063][  0]LogPackFactory: Copied "../../../Samples/StarterContent/Content/StarterContent/Blueprints/Assets/M_LightStage_Skybox_Master.uasset" to "../../../../../../Users/Fahad/Desktop/MX2 Game Suite/GitHub Directory/03_BuildingEscape/BuildingEscape/Content/StarterContent/Blueprints/Assets/M_LightStage_Skybox_Master.uasset"
[2016.05.29-16.13.20:254][  0]LogPackFactory: Copied "../../../Samples/StarterContent/Content/StarterContent/Blueprints/Assets/Skybox.uasset" to "../../../../../../Users/Fahad/Desktop/MX2 Game Suite/GitHub Directory/03_BuildingEscape/BuildingEscape/Content/StarterContent/Blueprints/Assets/Skybox.uasset"
[2016.05.29-16.13.20:392][  0]LogPackFactory: Copied "../../../Samples/StarterContent/Content/StarterContent/Blueprints/Assets/SM_Arrows.uasset" to "../../../../../../Users/Fahad/Desktop/MX2 Game Suite/GitHub Directory/03_BuildingEscape/BuildingEscape/Content/StarterContent/Blueprints/Assets/SM_Arrows.uasset"
[2016.05.29-16.13.20:416][  0]LogPackFactory: Copied "../../../Samples/StarterContent/Content/StarterContent/Blueprints/Assets/SunlightColorLUT.uasset" to "../../../../../../Users/Fahad/Desktop/MX2 Game Suite/GitHub Directory/03_BuildingEscape/BuildingEscape/Content/StarterContent/Blueprints/Assets/SunlightColorLUT.uasset"
[2016.05.29-16.13.46:956][  0]LogPackFactory: Copied "../../../Samples/StarterContent/Content/StarterContent/HDRI/HDRI_Epic_Courtyard_Daylight.uasset" to "../../../../../../Users/Fahad/Desktop/MX2 Game Suite/GitHub Directory/03_BuildingEscape/BuildingEscape/Content/StarterContent/HDRI/HDRI_Epic_Courtyard_Daylight.uasset"
[2016.05.29-16.13.47:051][  0]LogPackFactory: Copied "../../../Samples/StarterContent/Content/StarterContent/Maps/Advanced_Lighting.umap" to "../../../../../../Users/Fahad/Desktop/MX2 Game Suite/GitHub Directory/03_BuildingEscape/BuildingEscape/Content/StarterContent/Maps/Advanced_Lighting.umap"
[2016.05.29-16.13.48:185][  0]LogPackFactory: Copied "../../../Samples/StarterContent/Content/StarterContent/Maps/Minimal_Default.umap" to "../../../../../../Users/Fahad/Desktop/MX2 Game Suite/GitHub Directory/03_BuildingEscape/BuildingEscape/Content/StarterContent/Maps/Minimal_Default.umap"
[2016.05.29-16.13.50:814][  0]LogPackFactory: Copied "../../../Samples/StarterContent/Content/StarterContent/Maps/StarterMap.umap" to "../../../../../../Users/Fahad/Desktop/MX2 Game Suite/GitHub Directory/03_BuildingEscape/BuildingEscape/Content/StarterContent/Maps/StarterMap.umap"
[2016.05.29-16.13.50:919][  0]LogPackFactory: Copied "../../../Samples/StarterContent/Content/StarterContent/Materials/M_AssetPlatform.uasset" to "../../../../../../Users/Fahad/Desktop/MX2 Game Suite/GitHub Directory/03_BuildingEscape/BuildingEscape/Content/StarterContent/Materials/M_AssetPlatform.uasset"
[2016.05.29-16.13.50:970][  0]LogPackFactory: Copied "../../../Samples/StarterContent/Content/StarterContent/Materials/M_Basic_Floor.uasset" to "../../../../../../Users/Fahad/Desktop/MX2 Game Suite/GitHub Directory/03_BuildingEscape/BuildingEscape/Content/StarterContent/Materials/M_Basic_Floor.uasset"
[2016.05.29-16.13.51:006][  0]LogPackFactory: Copied "../../../Samples/StarterContent/Content/StarterContent/Materials/M_Basic_Wall.uasset" to "../../../../../../Users/Fahad/Desktop/MX2 Game Suite/GitHub Directory/03_BuildingEscape/BuildingEscape/Content/StarterContent/Materials/M_Basic_Wall.uasset"
[2016.05.29-16.13.51:791][  0]LogPackFactory: Copied "../../../Samples/StarterContent/Content/StarterContent/Materials/M_Brick_Clay_Beveled.uasset" to "../../../../../../Users/Fahad/Desktop/MX2 Game Suite/GitHub Directory/03_BuildingEscape/BuildingEscape/Content/StarterContent/Materials/M_Brick_Clay_Beveled.uasset"
[2016.05.29-16.13.51:887][  0]LogPackFactory: Copied "../../../Samples/StarterContent/Content/StarterContent/Materials/M_Brick_Clay_New.uasset" to "../../../../../../Users/Fahad/Desktop/MX2 Game Suite/GitHub Directory/03_BuildingEscape/BuildingEscape/Content/StarterContent/Materials/M_Brick_Clay_New.uasset"
[2016.05.29-16.13.52:039][  0]LogPackFactory: Copied "../../../Samples/StarterContent/Content/StarterContent/Materials/M_Brick_Clay_Old.uasset" to "../../../../../../Users/Fahad/Desktop/MX2 Game Suite/GitHub Directory/03_BuildingEscape/BuildingEscape/Content/StarterContent/Materials/M_Brick_Clay_Old.uasset"
[2016.05.29-16.13.52:120][  0]LogPackFactory: Copied "../../../Samples/StarterContent/Content/StarterContent/Materials/M_Brick_Cut_Stone.uasset" to "../../../../../../Users/Fahad/Desktop/MX2 Game Suite/GitHub Directory/03_BuildingEscape/BuildingEscape/Content/StarterContent/Materials/M_Brick_Cut_Stone.uasset"
[2016.05.29-16.13.52:554][  0]LogPackFactory: Copied "../../../Samples/StarterContent/Content/StarterContent/Materials/M_Brick_Hewn_Stone.uasset" to "../../../../../../Users/Fahad/Desktop/MX2 Game Suite/GitHub Directory/03_BuildingEscape/BuildingEscape/Content/StarterContent/Materials/M_Brick_Hewn_Stone.uasset"
[2016.05.29-16.13.52:691][  0]LogPackFactory: Copied "../../../Samples/StarterContent/Content/StarterContent/Materials/M_Ceramic_Tile_Checker.uasset" to "../../../../../../Users/Fahad/Desktop/MX2 Game Suite/GitHub Directory/03_BuildingEscape/BuildingEscape/Content/StarterContent/Materials/M_Ceramic_Tile_Checker.uasset"
[2016.05.29-16.13.52:772][  0]LogPackFactory: Copied "../../../Samples/StarterContent/Content/StarterContent/Materials/M_CobbleStone_Pebble.uasset" to "../../../../../../Users/Fahad/Desktop/MX2 Game Suite/GitHub Directory/03_BuildingEscape/BuildingEscape/Content/StarterContent/Materials/M_CobbleStone_Pebble.uasset"
[2016.05.29-16.13.52:934][  0]LogPackFactory: Copied "../../../Samples/StarterContent/Content/StarterContent/Materials/M_CobbleStone_Rough.uasset" to "../../../../../../Users/Fahad/Desktop/MX2 Game Suite/GitHub Directory/03_BuildingEscape/BuildingEscape/Content/StarterContent/Materials/M_CobbleStone_Rough.uasset"
[2016.05.29-16.13.53:144][  0]LogPackFactory: Copied "../../../Samples/StarterContent/Content/StarterContent/Materials/M_CobbleStone_Smooth.uasset" to "../../../../../../Users/Fahad/Desktop/MX2 Game Suite/GitHub Directory/03_BuildingEscape/BuildingEscape/Content/StarterContent/Materials/M_CobbleStone_Smooth.uasset"
[2016.05.29-16.13.53:238][  0]LogPackFactory: Copied "../../../Samples/StarterContent/Content/StarterContent/Materials/M_ColorGrid_LowSpec.uasset" to "../../../../../../Users/Fahad/Desktop/MX2 Game Suite/GitHub Directory/03_BuildingEscape/BuildingEscape/Content/StarterContent/Materials/M_ColorGrid_LowSpec.uasset"
[2016.05.29-16.13.53:497][  0]LogPackFactory: Copied "../../../Samples/StarterContent/Content/StarterContent/Materials/M_Concrete_Grime.uasset" to "../../../../../../Users/Fahad/Desktop/MX2 Game Suite/GitHub Directory/03_BuildingEscape/BuildingEscape/Content/StarterContent/Materials/M_Concrete_Grime.uasset"
[2016.05.29-16.13.53:592][  0]LogPackFactory: Copied "../../../Samples/StarterContent/Content/StarterContent/Materials/M_Concrete_Panels.uasset" to "../../../../../../Users/Fahad/Desktop/MX2 Game Suite/GitHub Directory/03_BuildingEscape/BuildingEscape/Content/StarterContent/Materials/M_Concrete_Panels.uasset"
[2016.05.29-16.13.53:718][  0]LogPackFactory: Copied "../../../Samples/StarterContent/Content/StarterContent/Materials/M_Concrete_Poured.uasset" to "../../../../../../Users/Fahad/Desktop/MX2 Game Suite/GitHub Directory/03_BuildingEscape/BuildingEscape/Content/StarterContent/Materials/M_Concrete_Poured.uasset"
[2016.05.29-16.13.53:828][  0]LogPackFactory: Copied "../../../Samples/StarterContent/Content/StarterContent/Materials/M_Concrete_Tiles.uasset" to "../../../../../../Users/Fahad/Desktop/MX2 Game Suite/GitHub Directory/03_BuildingEscape/BuildingEscape/Content/StarterContent/Materials/M_Concrete_Tiles.uasset"
[2016.05.29-16.13.53:860][  0]LogPackFactory: Copied "../../../Samples/StarterContent/Content/StarterContent/Materials/M_Glass.uasset" to "../../../../../../Users/Fahad/Desktop/MX2 Game Suite/GitHub Directory/03_BuildingEscape/BuildingEscape/Content/StarterContent/Materials/M_Glass.uasset"
[2016.05.29-16.13.53:979][  0]LogPackFactory: Copied "../../../Samples/StarterContent/Content/StarterContent/Materials/M_Ground_Grass.uasset" to "../../../../../../Users/Fahad/Desktop/MX2 Game Suite/GitHub Directory/03_BuildingEscape/BuildingEscape/Content/StarterContent/Materials/M_Ground_Grass.uasset"
[2016.05.29-16.13.54:044][  0]LogPackFactory: Copied "../../../Samples/StarterContent/Content/StarterContent/Materials/M_Ground_Gravel.uasset" to "../../../../../../Users/Fahad/Desktop/MX2 Game Suite/GitHub Directory/03_BuildingEscape/BuildingEscape/Content/StarterContent/Materials/M_Ground_Gravel.uasset"
[2016.05.29-16.13.54:158][  0]LogPackFactory: Copied "../../../Samples/StarterContent/Content/StarterContent/Materials/M_Ground_Moss.uasset" to "../../../../../../Users/Fahad/Desktop/MX2 Game Suite/GitHub Directory/03_BuildingEscape/BuildingEscape/Content/StarterContent/Materials/M_Ground_Moss.uasset"
[2016.05.29-16.13.54:206][  0]LogPackFactory: Copied "../../../Samples/StarterContent/Content/StarterContent/Materials/M_Metal_Brushed_Nickel.uasset" to "../../../../../../Users/Fahad/Desktop/MX2 Game Suite/GitHub Directory/03_BuildingEscape/BuildingEscape/Content/StarterContent/Materials/M_Metal_Brushed_Nickel.uasset"
[2016.05.29-16.13.54:358][  0]LogPackFactory: Copied "../../../Samples/StarterContent/Content/StarterContent/Materials/M_Metal_Burnished_Steel.uasset" to "../../../../../../Users/Fahad/Desktop/MX2 Game Suite/GitHub Directory/03_BuildingEscape/BuildingEscape/Content/StarterContent/Materials/M_Metal_Burnished_Steel.uasset"
[2016.05.29-16.13.54:419][  0]LogPackFactory: Copied "../../../Samples/StarterContent/Content/StarterContent/Materials/M_Metal_Chrome.uasset" to "../../../../../../Users/Fahad/Desktop/MX2 Game Suite/GitHub Directory/03_BuildingEscape/BuildingEscape/Content/StarterContent/Materials/M_Metal_Chrome.uasset"
[2016.05.29-16.13.54:741][  0]LogPackFactory: Copied "../../../Samples/StarterContent/Content/StarterContent/Materials/M_Metal_Copper.uasset" to "../../../../../../Users/Fahad/Desktop/MX2 Game Suite/GitHub Directory/03_BuildingEscape/BuildingEscape/Content/StarterContent/Materials/M_Metal_Copper.uasset"
[2016.05.29-16.13.54:873][  0]LogPackFactory: Copied "../../../Samples/StarterContent/Content/StarterContent/Materials/M_Metal_Gold.uasset" to "../../../../../../Users/Fahad/Desktop/MX2 Game Suite/GitHub Directory/03_BuildingEscape/BuildingEscape/Content/StarterContent/Materials/M_Metal_Gold.uasset"
[2016.05.29-16.13.55:102][  0]LogPackFactory: Copied "../../../Samples/StarterContent/Content/StarterContent/Materials/M_Metal_Rust.uasset" to "../../../../../../Users/Fahad/Desktop/MX2 Game Suite/GitHub Directory/03_BuildingEscape/BuildingEscape/Content/StarterContent/Materials/M_Metal_Rust.uasset"
[2016.05.29-16.13.55:226][  0]LogPackFactory: Copied "../../../Samples/StarterContent/Content/StarterContent/Materials/M_Metal_Steel.uasset" to "../../../../../../Users/Fahad/Desktop/MX2 Game Suite/GitHub Directory/03_BuildingEscape/BuildingEscape/Content/StarterContent/Materials/M_Metal_Steel.uasset"
[2016.05.29-16.13.55:308][  0]LogPackFactory: Copied "../../../Samples/StarterContent/Content/StarterContent/Materials/M_Rock_Basalt.uasset" to "../../../../../../Users/Fahad/Desktop/MX2 Game Suite/GitHub Directory/03_BuildingEscape/BuildingEscape/Content/StarterContent/Materials/M_Rock_Basalt.uasset"
[2016.05.29-16.13.55:372][  0]LogPackFactory: Copied "../../../Samples/StarterContent/Content/StarterContent/Materials/M_Rock_Marble_Polished.uasset" to "../../../../../../Users/Fahad/Desktop/MX2 Game Suite/GitHub Directory/03_BuildingEscape/BuildingEscape/Content/StarterContent/Materials/M_Rock_Marble_Polished.uasset"
[2016.05.29-16.13.55:447][  0]LogPackFactory: Copied "../../../Samples/StarterContent/Content/StarterContent/Materials/M_Rock_Sandstone.uasset" to "../../../../../../Users/Fahad/Desktop/MX2 Game Suite/GitHub Directory/03_BuildingEscape/BuildingEscape/Content/StarterContent/Materials/M_Rock_Sandstone.uasset"
[2016.05.29-16.13.55:515][  0]LogPackFactory: Copied "../../../Samples/StarterContent/Content/StarterContent/Materials/M_Rock_Slate.uasset" to "../../../../../../Users/Fahad/Desktop/MX2 Game Suite/GitHub Directory/03_BuildingEscape/BuildingEscape/Content/StarterContent/Materials/M_Rock_Slate.uasset"
[2016.05.29-16.13.55:547][  0]LogPackFactory: Copied "../../../Samples/StarterContent/Content/StarterContent/Materials/M_Tech_Checker_Dot.uasset" to "../../../../../../Users/Fahad/Desktop/MX2 Game Suite/GitHub Directory/03_BuildingEscape/BuildingEscape/Content/StarterContent/Materials/M_Tech_Checker_Dot.uasset"
[2016.05.29-16.13.55:570][  0]LogPackFactory: Copied "../../../Samples/StarterContent/Content/StarterContent/Materials/M_Tech_Hex_Tile.uasset" to "../../../../../../Users/Fahad/Desktop/MX2 Game Suite/GitHub Directory/03_BuildingEscape/BuildingEscape/Content/StarterContent/Materials/M_Tech_Hex_Tile.uasset"
[2016.05.29-16.13.55:644][  0]LogPackFactory: Copied "../../../Samples/StarterContent/Content/StarterContent/Materials/M_Tech_Hex_Tile_Pulse.uasset" to "../../../../../../Users/Fahad/Desktop/MX2 Game Suite/GitHub Directory/03_BuildingEscape/BuildingEscape/Content/StarterContent/Materials/M_Tech_Hex_Tile_Pulse.uasset"
[2016.05.29-16.13.55:718][  0]LogPackFactory: Copied "../../../Samples/StarterContent/Content/StarterContent/Materials/M_Tech_Panel.uasset" to "../../../../../../Users/Fahad/Desktop/MX2 Game Suite/GitHub Directory/03_BuildingEscape/BuildingEscape/Content/StarterContent/Materials/M_Tech_Panel.uasset"
[2016.05.29-16.13.55:763][  0]LogPackFactory: Copied "../../../Samples/StarterContent/Content/StarterContent/Materials/M_Water_Lake.uasset" to "../../../../../../Users/Fahad/Desktop/MX2 Game Suite/GitHub Directory/03_BuildingEscape/BuildingEscape/Content/StarterContent/Materials/M_Water_Lake.uasset"
[2016.05.29-16.13.55:835][  0]LogPackFactory: Copied "../../../Samples/StarterContent/Content/StarterContent/Materials/M_Water_Ocean.uasset" to "../../../../../../Users/Fahad/Desktop/MX2 Game Suite/GitHub Directory/03_BuildingEscape/BuildingEscape/Content/StarterContent/Materials/M_Water_Ocean.uasset"
[2016.05.29-16.13.55:911][  0]LogPackFactory: Copied "../../../Samples/StarterContent/Content/StarterContent/Materials/M_Wood_Floor_Walnut_Polished.uasset" to "../../../../../../Users/Fahad/Desktop/MX2 Game Suite/GitHub Directory/03_BuildingEscape/BuildingEscape/Content/StarterContent/Materials/M_Wood_Floor_Walnut_Polished.uasset"
[2016.05.29-16.13.56:012][  0]LogPackFactory: Copied "../../../Samples/StarterContent/Content/StarterContent/Materials/M_Wood_Floor_Walnut_Worn.uasset" to "../../../../../../Users/Fahad/Desktop/MX2 Game Suite/GitHub Directory/03_BuildingEscape/BuildingEscape/Content/StarterContent/Materials/M_Wood_Floor_Walnut_Worn.uasset"
[2016.05.29-16.13.56:064][  0]LogPackFactory: Copied "../../../Samples/StarterContent/Content/StarterContent/Materials/M_Wood_Oak.uasset" to "../../../../../../Users/Fahad/Desktop/MX2 Game Suite/GitHub Directory/03_BuildingEscape/BuildingEscape/Content/StarterContent/Materials/M_Wood_Oak.uasset"
[2016.05.29-16.13.56:120][  0]LogPackFactory: Copied "../../../Samples/StarterContent/Content/StarterContent/Materials/M_Wood_Pine.uasset" to "../../../../../../Users/Fahad/Desktop/MX2 Game Suite/GitHub Directory/03_BuildingEscape/BuildingEscape/Content/StarterContent/Materials/M_Wood_Pine.uasset"
[2016.05.29-16.13.56:209][  0]LogPackFactory: Copied "../../../Samples/StarterContent/Content/StarterContent/Materials/M_Wood_Walnut.uasset" to "../../../../../../Users/Fahad/Desktop/MX2 Game Suite/GitHub Directory/03_BuildingEscape/BuildingEscape/Content/StarterContent/Materials/M_Wood_Walnut.uasset"
[2016.05.29-16.13.56:246][  0]LogPackFactory: Copied "../../../Samples/StarterContent/Content/StarterContent/Particles/P_Ambient_Dust.uasset" to "../../../../../../Users/Fahad/Desktop/MX2 Game Suite/GitHub Directory/03_BuildingEscape/BuildingEscape/Content/StarterContent/Particles/P_Ambient_Dust.uasset"
[2016.05.29-16.13.56:392][  0]LogPackFactory: Copied "../../../Samples/StarterContent/Content/StarterContent/Particles/P_Explosion.uasset" to "../../../../../../Users/Fahad/Desktop/MX2 Game Suite/GitHub Directory/03_BuildingEscape/BuildingEscape/Content/StarterContent/Particles/P_Explosion.uasset"
[2016.05.29-16.13.56:508][  0]LogPackFactory: Copied "../../../Samples/StarterContent/Content/StarterContent/Particles/P_Fire.uasset" to "../../../../../../Users/Fahad/Desktop/MX2 Game Suite/GitHub Directory/03_BuildingEscape/BuildingEscape/Content/StarterContent/Particles/P_Fire.uasset"
[2016.05.29-16.13.56:543][  0]LogPackFactory: Copied "../../../Samples/StarterContent/Content/StarterContent/Particles/P_Smoke.uasset" to "../../../../../../Users/Fahad/Desktop/MX2 Game Suite/GitHub Directory/03_BuildingEscape/BuildingEscape/Content/StarterContent/Particles/P_Smoke.uasset"
[2016.05.29-16.13.56:629][  0]LogPackFactory: Copied "../../../Samples/StarterContent/Content/StarterContent/Particles/P_Sparks.uasset" to "../../../../../../Users/Fahad/Desktop/MX2 Game Suite/GitHub Directory/03_BuildingEscape/BuildingEscape/Content/StarterContent/Particles/P_Sparks.uasset"
[2016.05.29-16.13.56:681][  0]LogPackFactory: Copied "../../../Samples/StarterContent/Content/StarterContent/Particles/P_Steam_Lit.uasset" to "../../../../../../Users/Fahad/Desktop/MX2 Game Suite/GitHub Directory/03_BuildingEscape/BuildingEscape/Content/StarterContent/Particles/P_Steam_Lit.uasset"
[2016.05.29-16.13.56:704][  0]LogPackFactory: Copied "../../../Samples/StarterContent/Content/StarterContent/Particles/Materials/M_Burst.uasset" to "../../../../../../Users/Fahad/Desktop/MX2 Game Suite/GitHub Directory/03_BuildingEscape/BuildingEscape/Content/StarterContent/Particles/Materials/M_Burst.uasset"
[2016.05.29-16.13.56:748][  0]LogPackFactory: Copied "../../../Samples/StarterContent/Content/StarterContent/Particles/Materials/M_Dust_Particle.uasset" to "../../../../../../Users/Fahad/Desktop/MX2 Game Suite/GitHub Directory/03_BuildingEscape/BuildingEscape/Content/StarterContent/Particles/Materials/M_Dust_Particle.uasset"
[2016.05.29-16.13.56:769][  0]LogPackFactory: Copied "../../../Samples/StarterContent/Content/StarterContent/Particles/Materials/M_explosion_subUV.uasset" to "../../../../../../Users/Fahad/Desktop/MX2 Game Suite/GitHub Directory/03_BuildingEscape/BuildingEscape/Content/StarterContent/Particles/Materials/M_explosion_subUV.uasset"
[2016.05.29-16.13.56:815][  0]LogPackFactory: Copied "../../../Samples/StarterContent/Content/StarterContent/Particles/Materials/M_Fire_SubUV.uasset" to "../../../../../../Users/Fahad/Desktop/MX2 Game Suite/GitHub Directory/03_BuildingEscape/BuildingEscape/Content/StarterContent/Particles/Materials/M_Fire_SubUV.uasset"
[2016.05.29-16.13.56:856][  0]LogPackFactory: Copied "../../../Samples/StarterContent/Content/StarterContent/Particles/Materials/m_flare_01.uasset" to "../../../../../../Users/Fahad/Desktop/MX2 Game Suite/GitHub Directory/03_BuildingEscape/BuildingEscape/Content/StarterContent/Particles/Materials/m_flare_01.uasset"
[2016.05.29-16.13.57:293][  0]LogPackFactory: Copied "../../../Samples/StarterContent/Content/StarterContent/Particles/Materials/M_Heat_Distortion.uasset" to "../../../../../../Users/Fahad/Desktop/MX2 Game Suite/GitHub Directory/03_BuildingEscape/BuildingEscape/Content/StarterContent/Particles/Materials/M_Heat_Distortion.uasset"
[2016.05.29-16.13.57:334][  0]LogPackFactory: Copied "../../../Samples/StarterContent/Content/StarterContent/Particles/Materials/M_Radial_Gradient.uasset" to "../../../../../../Users/Fahad/Desktop/MX2 Game Suite/GitHub Directory/03_BuildingEscape/BuildingEscape/Content/StarterContent/Particles/Materials/M_Radial_Gradient.uasset"
[2016.05.29-16.13.57:397][  0]LogPackFactory: Copied "../../../Samples/StarterContent/Content/StarterContent/Particles/Materials/M_radial_ramp.uasset" to "../../../../../../Users/Fahad/Desktop/MX2 Game Suite/GitHub Directory/03_BuildingEscape/BuildingEscape/Content/StarterContent/Particles/Materials/M_radial_ramp.uasset"
[2016.05.29-16.13.57:494][  0]LogPackFactory: Copied "../../../Samples/StarterContent/Content/StarterContent/Particles/Materials/M_smoke_subUV.uasset" to "../../../../../../Users/Fahad/Desktop/MX2 Game Suite/GitHub Directory/03_BuildingEscape/BuildingEscape/Content/StarterContent/Particles/Materials/M_smoke_subUV.uasset"
[2016.05.29-16.13.57:547][  0]LogPackFactory: Copied "../../../Samples/StarterContent/Content/StarterContent/Particles/Materials/M_Spark.uasset" to "../../../../../../Users/Fahad/Desktop/MX2 Game Suite/GitHub Directory/03_BuildingEscape/BuildingEscape/Content/StarterContent/Particles/Materials/M_Spark.uasset"
[2016.05.29-16.13.57:963][  0]LogPackFactory: Copied "../../../Samples/StarterContent/Content/StarterContent/Props/MaterialSphere.uasset" to "../../../../../../Users/Fahad/Desktop/MX2 Game Suite/GitHub Directory/03_BuildingEscape/BuildingEscape/Content/StarterContent/Props/MaterialSphere.uasset"
[2016.05.29-16.13.58:037][  0]LogPackFactory: Copied "../../../Samples/StarterContent/Content/StarterContent/Props/SM_Bush.uasset" to "../../../../../../Users/Fahad/Desktop/MX2 Game Suite/GitHub Directory/03_BuildingEscape/BuildingEscape/Content/StarterContent/Props/SM_Bush.uasset"
[2016.05.29-16.13.58:133][  0]LogPackFactory: Copied "../../../Samples/StarterContent/Content/StarterContent/Props/SM_Chair.uasset" to "../../../../../../Users/Fahad/Desktop/MX2 Game Suite/GitHub Directory/03_BuildingEscape/BuildingEscape/Content/StarterContent/Props/SM_Chair.uasset"
[2016.05.29-16.13.58:153][  0]LogPackFactory: Copied "../../../Samples/StarterContent/Content/StarterContent/Props/SM_CornerFrame.uasset" to "../../../../../../Users/Fahad/Desktop/MX2 Game Suite/GitHub Directory/03_BuildingEscape/BuildingEscape/Content/StarterContent/Props/SM_CornerFrame.uasset"
[2016.05.29-16.13.58:237][  0]LogPackFactory: Copied "../../../Samples/StarterContent/Content/StarterContent/Props/SM_Couch.uasset" to "../../../../../../Users/Fahad/Desktop/MX2 Game Suite/GitHub Directory/03_BuildingEscape/BuildingEscape/Content/StarterContent/Props/SM_Couch.uasset"
[2016.05.29-16.13.58:343][  0]LogPackFactory: Copied "../../../Samples/StarterContent/Content/StarterContent/Props/SM_Door.uasset" to "../../../../../../Users/Fahad/Desktop/MX2 Game Suite/GitHub Directory/03_BuildingEscape/BuildingEscape/Content/StarterContent/Props/SM_Door.uasset"
[2016.05.29-16.13.58:368][  0]LogPackFactory: Copied "../../../Samples/StarterContent/Content/StarterContent/Props/SM_DoorFrame.uasset" to "../../../../../../Users/Fahad/Desktop/MX2 Game Suite/GitHub Directory/03_BuildingEscape/BuildingEscape/Content/StarterContent/Props/SM_DoorFrame.uasset"
[2016.05.29-16.13.58:415][  0]LogPackFactory: Copied "../../../Samples/StarterContent/Content/StarterContent/Props/SM_GlassWindow.uasset" to "../../../../../../Users/Fahad/Desktop/MX2 Game Suite/GitHub Directory/03_BuildingEscape/BuildingEscape/Content/StarterContent/Props/SM_GlassWindow.uasset"
[2016.05.29-16.13.58:536][  0]LogPackFactory: Copied "../../../Samples/StarterContent/Content/StarterContent/Props/SM_Lamp_Ceiling.uasset" to "../../../../../../Users/Fahad/Desktop/MX2 Game Suite/GitHub Directory/03_BuildingEscape/BuildingEscape/Content/StarterContent/Props/SM_Lamp_Ceiling.uasset"
[2016.05.29-16.13.58:587][  0]LogPackFactory: Copied "../../../Samples/StarterContent/Content/StarterContent/Props/SM_Lamp_Wall.uasset" to "../../../../../../Users/Fahad/Desktop/MX2 Game Suite/GitHub Directory/03_BuildingEscape/BuildingEscape/Content/StarterContent/Props/SM_Lamp_Wall.uasset"
[2016.05.29-16.13.58:808][  0]LogPackFactory: Copied "../../../Samples/StarterContent/Content/StarterContent/Props/SM_MatPreviewMesh_02.uasset" to "../../../../../../Users/Fahad/Desktop/MX2 Game Suite/GitHub Directory/03_BuildingEscape/BuildingEscape/Content/StarterContent/Props/SM_MatPreviewMesh_02.uasset"
[2016.05.29-16.13.58:870][  0]LogPackFactory: Copied "../../../Samples/StarterContent/Content/StarterContent/Props/SM_PillarFrame.uasset" to "../../../../../../Users/Fahad/Desktop/MX2 Game Suite/GitHub Directory/03_BuildingEscape/BuildingEscape/Content/StarterContent/Props/SM_PillarFrame.uasset"
[2016.05.29-16.13.58:911][  0]LogPackFactory: Copied "../../../Samples/StarterContent/Content/StarterContent/Props/SM_PillarFrame300.uasset" to "../../../../../../Users/Fahad/Desktop/MX2 Game Suite/GitHub Directory/03_BuildingEscape/BuildingEscape/Content/StarterContent/Props/SM_PillarFrame300.uasset"
[2016.05.29-16.13.58:962][  0]LogPackFactory: Copied "../../../Samples/StarterContent/Content/StarterContent/Props/SM_Rock.uasset" to "../../../../../../Users/Fahad/Desktop/MX2 Game Suite/GitHub Directory/03_BuildingEscape/BuildingEscape/Content/StarterContent/Props/SM_Rock.uasset"
[2016.05.29-16.13.59:000][  0]LogPackFactory: Copied "../../../Samples/StarterContent/Content/StarterContent/Props/SM_Shelf.uasset" to "../../../../../../Users/Fahad/Desktop/MX2 Game Suite/GitHub Directory/03_BuildingEscape/BuildingEscape/Content/StarterContent/Props/SM_Shelf.uasset"
[2016.05.29-16.13.59:018][  0]LogPackFactory: Copied "../../../Samples/StarterContent/Content/StarterContent/Props/SM_Stairs.uasset" to "../../../../../../Users/Fahad/Desktop/MX2 Game Suite/GitHub Directory/03_BuildingEscape/BuildingEscape/Content/StarterContent/Props/SM_Stairs.uasset"
[2016.05.29-16.13.59:224][  0]LogPackFactory: Copied "../../../Samples/StarterContent/Content/StarterContent/Props/SM_Statue.uasset" to "../../../../../../Users/Fahad/Desktop/MX2 Game Suite/GitHub Directory/03_BuildingEscape/BuildingEscape/Content/StarterContent/Props/SM_Statue.uasset"
[2016.05.29-16.13.59:388][  0]LogPackFactory: Copied "../../../Samples/StarterContent/Content/StarterContent/Props/SM_TableRound.uasset" to "../../../../../../Users/Fahad/Desktop/MX2 Game Suite/GitHub Directory/03_BuildingEscape/BuildingEscape/Content/StarterContent/Props/SM_TableRound.uasset"
[2016.05.29-16.13.59:425][  0]LogPackFactory: Copied "../../../Samples/StarterContent/Content/StarterContent/Props/SM_WindowFrame.uasset" to "../../../../../../Users/Fahad/Desktop/MX2 Game Suite/GitHub Directory/03_BuildingEscape/BuildingEscape/Content/StarterContent/Props/SM_WindowFrame.uasset"
[2016.05.29-16.13.59:469][  0]LogPackFactory: Copied "../../../Samples/StarterContent/Content/StarterContent/Props/Materials/M_Bush.uasset" to "../../../../../../Users/Fahad/Desktop/MX2 Game Suite/GitHub Directory/03_BuildingEscape/BuildingEscape/Content/StarterContent/Props/Materials/M_Bush.uasset"
[2016.05.29-16.13.59:528][  0]LogPackFactory: Copied "../../../Samples/StarterContent/Content/StarterContent/Props/Materials/M_Chair.uasset" to "../../../../../../Users/Fahad/Desktop/MX2 Game Suite/GitHub Directory/03_BuildingEscape/BuildingEscape/Content/StarterContent/Props/Materials/M_Chair.uasset"
[2016.05.29-16.13.59:568][  0]LogPackFactory: Copied "../../../Samples/StarterContent/Content/StarterContent/Props/Materials/M_Door.uasset" to "../../../../../../Users/Fahad/Desktop/MX2 Game Suite/GitHub Directory/03_BuildingEscape/BuildingEscape/Content/StarterContent/Props/Materials/M_Door.uasset"
[2016.05.29-16.13.59:692][  0]LogPackFactory: Copied "../../../Samples/StarterContent/Content/StarterContent/Props/Materials/M_Frame.uasset" to "../../../../../../Users/Fahad/Desktop/MX2 Game Suite/GitHub Directory/03_BuildingEscape/BuildingEscape/Content/StarterContent/Props/Materials/M_Frame.uasset"
[2016.05.29-16.13.59:830][  0]LogPackFactory: Copied "../../../Samples/StarterContent/Content/StarterContent/Props/Materials/M_Lamp.uasset" to "../../../../../../Users/Fahad/Desktop/MX2 Game Suite/GitHub Directory/03_BuildingEscape/BuildingEscape/Content/StarterContent/Props/Materials/M_Lamp.uasset"
[2016.05.29-16.13.59:887][  0]LogPackFactory: Copied "../../../Samples/StarterContent/Content/StarterContent/Props/Materials/M_MaterialSphere.uasset" to "../../../../../../Users/Fahad/Desktop/MX2 Game Suite/GitHub Directory/03_BuildingEscape/BuildingEscape/Content/StarterContent/Props/Materials/M_MaterialSphere.uasset"
[2016.05.29-16.13.59:912][  0]LogPackFactory: Copied "../../../Samples/StarterContent/Content/StarterContent/Props/Materials/M_MaterialSphere_Plain.uasset" to "../../../../../../Users/Fahad/Desktop/MX2 Game Suite/GitHub Directory/03_BuildingEscape/BuildingEscape/Content/StarterContent/Props/Materials/M_MaterialSphere_Plain.uasset"
[2016.05.29-16.13.59:957][  0]LogPackFactory: Copied "../../../Samples/StarterContent/Content/StarterContent/Props/Materials/M_Rock.uasset" to "../../../../../../Users/Fahad/Desktop/MX2 Game Suite/GitHub Directory/03_BuildingEscape/BuildingEscape/Content/StarterContent/Props/Materials/M_Rock.uasset"
[2016.05.29-16.14.00:004][  0]LogPackFactory: Copied "../../../Samples/StarterContent/Content/StarterContent/Props/Materials/M_Shelf.uasset" to "../../../../../../Users/Fahad/Desktop/MX2 Game Suite/GitHub Directory/03_BuildingEscape/BuildingEscape/Content/StarterContent/Props/Materials/M_Shelf.uasset"
[2016.05.29-16.14.00:050][  0]LogPackFactory: Copied "../../../Samples/StarterContent/Content/StarterContent/Props/Materials/M_Statue.uasset" to "../../../../../../Users/Fahad/Desktop/MX2 Game Suite/GitHub Directory/03_BuildingEscape/BuildingEscape/Content/StarterContent/Props/Materials/M_Statue.uasset"
[2016.05.29-16.14.00:123][  0]LogPackFactory: Copied "../../../Samples/StarterContent/Content/StarterContent/Props/Materials/M_StatueGlass.uasset" to "../../../../../../Users/Fahad/Desktop/MX2 Game Suite/GitHub Directory/03_BuildingEscape/BuildingEscape/Content/StarterContent/Props/Materials/M_StatueGlass.uasset"
[2016.05.29-16.14.00:163][  0]LogPackFactory: Copied "../../../Samples/StarterContent/Content/StarterContent/Props/Materials/M_TableRound.uasset" to "../../../../../../Users/Fahad/Desktop/MX2 Game Suite/GitHub Directory/03_BuildingEscape/BuildingEscape/Content/StarterContent/Props/Materials/M_TableRound.uasset"
[2016.05.29-16.14.00:205][  0]LogPackFactory: Copied "../../../Samples/StarterContent/Content/StarterContent/Shapes/Shape_Cone.uasset" to "../../../../../../Users/Fahad/Desktop/MX2 Game Suite/GitHub Directory/03_BuildingEscape/BuildingEscape/Content/StarterContent/Shapes/Shape_Cone.uasset"
[2016.05.29-16.14.00:224][  0]LogPackFactory: Copied "../../../Samples/StarterContent/Content/StarterContent/Shapes/Shape_Cube.uasset" to "../../../../../../Users/Fahad/Desktop/MX2 Game Suite/GitHub Directory/03_BuildingEscape/BuildingEscape/Content/StarterContent/Shapes/Shape_Cube.uasset"
[2016.05.29-16.14.00:307][  0]LogPackFactory: Copied "../../../Samples/StarterContent/Content/StarterContent/Shapes/Shape_Cylinder.uasset" to "../../../../../../Users/Fahad/Desktop/MX2 Game Suite/GitHub Directory/03_BuildingEscape/BuildingEscape/Content/StarterContent/Shapes/Shape_Cylinder.uasset"
[2016.05.29-16.14.00:401][  0]LogPackFactory: Copied "../../../Samples/StarterContent/Content/StarterContent/Shapes/Shape_NarrowCapsule.uasset" to "../../../../../../Users/Fahad/Desktop/MX2 Game Suite/GitHub Directory/03_BuildingEscape/BuildingEscape/Content/StarterContent/Shapes/Shape_NarrowCapsule.uasset"
[2016.05.29-16.14.00:467][  0]LogPackFactory: Copied "../../../Samples/StarterContent/Content/StarterContent/Shapes/Shape_Pipe.uasset" to "../../../../../../Users/Fahad/Desktop/MX2 Game Suite/GitHub Directory/03_BuildingEscape/BuildingEscape/Content/StarterContent/Shapes/Shape_Pipe.uasset"
[2016.05.29-16.14.00:654][  0]LogPackFactory: Copied "../../../Samples/StarterContent/Content/StarterContent/Shapes/Shape_Pipe_180.uasset" to "../../../../../../Users/Fahad/Desktop/MX2 Game Suite/GitHub Directory/03_BuildingEscape/BuildingEscape/Content/StarterContent/Shapes/Shape_Pipe_180.uasset"
[2016.05.29-16.14.00:742][  0]LogPackFactory: Copied "../../../Samples/StarterContent/Content/StarterContent/Shapes/Shape_Pipe_90.uasset" to "../../../../../../Users/Fahad/Desktop/MX2 Game Suite/GitHub Directory/03_BuildingEscape/BuildingEscape/Content/StarterContent/Shapes/Shape_Pipe_90.uasset"
[2016.05.29-16.14.00:773][  0]LogPackFactory: Copied "../../../Samples/StarterContent/Content/StarterContent/Shapes/Shape_Plane.uasset" to "../../../../../../Users/Fahad/Desktop/MX2 Game Suite/GitHub Directory/03_BuildingEscape/BuildingEscape/Content/StarterContent/Shapes/Shape_Plane.uasset"
[2016.05.29-16.14.00:856][  0]LogPackFactory: Copied "../../../Samples/StarterContent/Content/StarterContent/Shapes/Shape_QuadPyramid.uasset" to "../../../../../../Users/Fahad/Desktop/MX2 Game Suite/GitHub Directory/03_BuildingEscape/BuildingEscape/Content/StarterContent/Shapes/Shape_QuadPyramid.uasset"
[2016.05.29-16.14.00:985][  0]LogPackFactory: Copied "../../../Samples/StarterContent/Content/StarterContent/Shapes/Shape_Sphere.uasset" to "../../../../../../Users/Fahad/Desktop/MX2 Game Suite/GitHub Directory/03_BuildingEscape/BuildingEscape/Content/StarterContent/Shapes/Shape_Sphere.uasset"
[2016.05.29-16.14.01:216][  0]LogPackFactory: Copied "../../../Samples/StarterContent/Content/StarterContent/Shapes/Shape_Torus.uasset" to "../../../../../../Users/Fahad/Desktop/MX2 Game Suite/GitHub Directory/03_BuildingEscape/BuildingEscape/Content/StarterContent/Shapes/Shape_Torus.uasset"
[2016.05.29-16.14.01:255][  0]LogPackFactory: Copied "../../../Samples/StarterContent/Content/StarterContent/Shapes/Shape_Trim.uasset" to "../../../../../../Users/Fahad/Desktop/MX2 Game Suite/GitHub Directory/03_BuildingEscape/BuildingEscape/Content/StarterContent/Shapes/Shape_Trim.uasset"
[2016.05.29-16.14.01:315][  0]LogPackFactory: Copied "../../../Samples/StarterContent/Content/StarterContent/Shapes/Shape_Trim_90_In.uasset" to "../../../../../../Users/Fahad/Desktop/MX2 Game Suite/GitHub Directory/03_BuildingEscape/BuildingEscape/Content/StarterContent/Shapes/Shape_Trim_90_In.uasset"
[2016.05.29-16.14.01:356][  0]LogPackFactory: Copied "../../../Samples/StarterContent/Content/StarterContent/Shapes/Shape_Trim_90_Out.uasset" to "../../../../../../Users/Fahad/Desktop/MX2 Game Suite/GitHub Directory/03_BuildingEscape/BuildingEscape/Content/StarterContent/Shapes/Shape_Trim_90_Out.uasset"
[2016.05.29-16.14.01:376][  0]LogPackFactory: Copied "../../../Samples/StarterContent/Content/StarterContent/Shapes/Shape_TriPyramid.uasset" to "../../../../../../Users/Fahad/Desktop/MX2 Game Suite/GitHub Directory/03_BuildingEscape/BuildingEscape/Content/StarterContent/Shapes/Shape_TriPyramid.uasset"
[2016.05.29-16.14.01:458][  0]LogPackFactory: Copied "../../../Samples/StarterContent/Content/StarterContent/Shapes/Shape_Tube.uasset" to "../../../../../../Users/Fahad/Desktop/MX2 Game Suite/GitHub Directory/03_BuildingEscape/BuildingEscape/Content/StarterContent/Shapes/Shape_Tube.uasset"
[2016.05.29-16.14.01:480][  0]LogPackFactory: Copied "../../../Samples/StarterContent/Content/StarterContent/Shapes/Shape_Wedge_A.uasset" to "../../../../../../Users/Fahad/Desktop/MX2 Game Suite/GitHub Directory/03_BuildingEscape/BuildingEscape/Content/StarterContent/Shapes/Shape_Wedge_A.uasset"
[2016.05.29-16.14.01:491][  0]LogPackFactory: Copied "../../../Samples/StarterContent/Content/StarterContent/Shapes/Shape_Wedge_B.uasset" to "../../../../../../Users/Fahad/Desktop/MX2 Game Suite/GitHub Directory/03_BuildingEscape/BuildingEscape/Content/StarterContent/Shapes/Shape_Wedge_B.uasset"
[2016.05.29-16.14.01:545][  0]LogPackFactory: Copied "../../../Samples/StarterContent/Content/StarterContent/Shapes/Shape_WideCapsule.uasset" to "../../../../../../Users/Fahad/Desktop/MX2 Game Suite/GitHub Directory/03_BuildingEscape/BuildingEscape/Content/StarterContent/Shapes/Shape_WideCapsule.uasset"
[2016.05.29-16.14.05:021][  0]LogPackFactory: Copied "../../../Samples/StarterContent/Content/StarterContent/Textures/T_Brick_Clay_Beveled_D.uasset" to "../../../../../../Users/Fahad/Desktop/MX2 Game Suite/GitHub Directory/03_BuildingEscape/BuildingEscape/Content/StarterContent/Textures/T_Brick_Clay_Beveled_D.uasset"
[2016.05.29-16.14.08:443][  0]LogPackFactory: Copied "../../../Samples/StarterContent/Content/StarterContent/Textures/T_Brick_Clay_Beveled_M.uasset" to "../../../../../../Users/Fahad/Desktop/MX2 Game Suite/GitHub Directory/03_BuildingEscape/BuildingEscape/Content/StarterContent/Textures/T_Brick_Clay_Beveled_M.uasset"
[2016.05.29-16.14.10:258][  0]LogPackFactory: Copied "../../../Samples/StarterContent/Content/StarterContent/Textures/T_Brick_Clay_Beveled_N.uasset" to "../../../../../../Users/Fahad/Desktop/MX2 Game Suite/GitHub Directory/03_BuildingEscape/BuildingEscape/Content/StarterContent/Textures/T_Brick_Clay_Beveled_N.uasset"
[2016.05.29-16.14.12:227][  0]LogPackFactory: Copied "../../../Samples/StarterContent/Content/StarterContent/Textures/T_Brick_Clay_New_D.uasset" to "../../../../../../Users/Fahad/Desktop/MX2 Game Suite/GitHub Directory/03_BuildingEscape/BuildingEscape/Content/StarterContent/Textures/T_Brick_Clay_New_D.uasset"
[2016.05.29-16.14.13:569][  0]LogPackFactory: Copied "../../../Samples/StarterContent/Content/StarterContent/Textures/T_Brick_Clay_New_M.uasset" to "../../../../../../Users/Fahad/Desktop/MX2 Game Suite/GitHub Directory/03_BuildingEscape/BuildingEscape/Content/StarterContent/Textures/T_Brick_Clay_New_M.uasset"
[2016.05.29-16.14.13:641][  0]LogPackFactory: Copied "../../../Samples/StarterContent/Content/StarterContent/Textures/T_Brick_Clay_New_N.uasset" to "../../../../../../Users/Fahad/Desktop/MX2 Game Suite/GitHub Directory/03_BuildingEscape/BuildingEscape/Content/StarterContent/Textures/T_Brick_Clay_New_N.uasset"
[2016.05.29-16.14.13:745][  0]LogPackFactory: Copied "../../../Samples/StarterContent/Content/StarterContent/Textures/T_Brick_Clay_Old_D.uasset" to "../../../../../../Users/Fahad/Desktop/MX2 Game Suite/GitHub Directory/03_BuildingEscape/BuildingEscape/Content/StarterContent/Textures/T_Brick_Clay_Old_D.uasset"
[2016.05.29-16.14.13:814][  0]LogPackFactory: Copied "../../../Samples/StarterContent/Content/StarterContent/Textures/T_Brick_Clay_Old_N.uasset" to "../../../../../../Users/Fahad/Desktop/MX2 Game Suite/GitHub Directory/03_BuildingEscape/BuildingEscape/Content/StarterContent/Textures/T_Brick_Clay_Old_N.uasset"
[2016.05.29-16.14.14:043][  0]LogPackFactory: Copied "../../../Samples/StarterContent/Content/StarterContent/Textures/T_Brick_Cut_Stone_D.uasset" to "../../../../../../Users/Fahad/Desktop/MX2 Game Suite/GitHub Directory/03_BuildingEscape/BuildingEscape/Content/StarterContent/Textures/T_Brick_Cut_Stone_D.uasset"
[2016.05.29-16.14.14:108][  0]LogPackFactory: Copied "../../../Samples/StarterContent/Content/StarterContent/Textures/T_Brick_Cut_Stone_N.uasset" to "../../../../../../Users/Fahad/Desktop/MX2 Game Suite/GitHub Directory/03_BuildingEscape/BuildingEscape/Content/StarterContent/Textures/T_Brick_Cut_Stone_N.uasset"
[2016.05.29-16.14.14:177][  0]LogPackFactory: Copied "../../../Samples/StarterContent/Content/StarterContent/Textures/T_Brick_Hewn_Stone_D.uasset" to "../../../../../../Users/Fahad/Desktop/MX2 Game Suite/GitHub Directory/03_BuildingEscape/BuildingEscape/Content/StarterContent/Textures/T_Brick_Hewn_Stone_D.uasset"
[2016.05.29-16.14.14:242][  0]LogPackFactory: Copied "../../../Samples/StarterContent/Content/StarterContent/Textures/T_Brick_Hewn_Stone_M.uasset" to "../../../../../../Users/Fahad/Desktop/MX2 Game Suite/GitHub Directory/03_BuildingEscape/BuildingEscape/Content/StarterContent/Textures/T_Brick_Hewn_Stone_M.uasset"
[2016.05.29-16.14.14:323][  0]LogPackFactory: Copied "../../../Samples/StarterContent/Content/StarterContent/Textures/T_Brick_Hewn_Stone_N.uasset" to "../../../../../../Users/Fahad/Desktop/MX2 Game Suite/GitHub Directory/03_BuildingEscape/BuildingEscape/Content/StarterContent/Textures/T_Brick_Hewn_Stone_N.uasset"
[2016.05.29-16.14.14:335][  0]LogPackFactory: Copied "../../../Samples/StarterContent/Content/StarterContent/Textures/T_Burst_M.uasset" to "../../../../../../Users/Fahad/Desktop/MX2 Game Suite/GitHub Directory/03_BuildingEscape/BuildingEscape/Content/StarterContent/Textures/T_Burst_M.uasset"
[2016.05.29-16.14.14:357][  0]LogPackFactory: Copied "../../../Samples/StarterContent/Content/StarterContent/Textures/T_Bush_D.uasset" to "../../../../../../Users/Fahad/Desktop/MX2 Game Suite/GitHub Directory/03_BuildingEscape/BuildingEscape/Content/StarterContent/Textures/T_Bush_D.uasset"
[2016.05.29-16.14.14:370][  0]LogPackFactory: Copied "../../../Samples/StarterContent/Content/StarterContent/Textures/T_Bush_N.uasset" to "../../../../../../Users/Fahad/Desktop/MX2 Game Suite/GitHub Directory/03_BuildingEscape/BuildingEscape/Content/StarterContent/Textures/T_Bush_N.uasset"
[2016.05.29-16.14.14:383][  0]LogPackFactory: Copied "../../../Samples/StarterContent/Content/StarterContent/Textures/T_Ceramic_Tile_M.uasset" to "../../../../../../Users/Fahad/Desktop/MX2 Game Suite/GitHub Directory/03_BuildingEscape/BuildingEscape/Content/StarterContent/Textures/T_Ceramic_Tile_M.uasset"
[2016.05.29-16.14.14:397][  0]LogPackFactory: Copied "../../../Samples/StarterContent/Content/StarterContent/Textures/T_Ceramic_Tile_N.uasset" to "../../../../../../Users/Fahad/Desktop/MX2 Game Suite/GitHub Directory/03_BuildingEscape/BuildingEscape/Content/StarterContent/Textures/T_Ceramic_Tile_N.uasset"
[2016.05.29-16.14.14:419][  0]LogPackFactory: Copied "../../../Samples/StarterContent/Content/StarterContent/Textures/T_Chair_M.uasset" to "../../../../../../Users/Fahad/Desktop/MX2 Game Suite/GitHub Directory/03_BuildingEscape/BuildingEscape/Content/StarterContent/Textures/T_Chair_M.uasset"
[2016.05.29-16.14.14:446][  0]LogPackFactory: Copied "../../../Samples/StarterContent/Content/StarterContent/Textures/T_Chair_N.uasset" to "../../../../../../Users/Fahad/Desktop/MX2 Game Suite/GitHub Directory/03_BuildingEscape/BuildingEscape/Content/StarterContent/Textures/T_Chair_N.uasset"
[2016.05.29-16.14.14:456][  0]LogPackFactory: Copied "../../../Samples/StarterContent/Content/StarterContent/Textures/T_Checker_Noise_M.uasset" to "../../../../../../Users/Fahad/Desktop/MX2 Game Suite/GitHub Directory/03_BuildingEscape/BuildingEscape/Content/StarterContent/Textures/T_Checker_Noise_M.uasset"
[2016.05.29-16.14.14:602][  0]LogPackFactory: Copied "../../../Samples/StarterContent/Content/StarterContent/Textures/T_CobbleStone_Pebble_D.uasset" to "../../../../../../Users/Fahad/Desktop/MX2 Game Suite/GitHub Directory/03_BuildingEscape/BuildingEscape/Content/StarterContent/Textures/T_CobbleStone_Pebble_D.uasset"
[2016.05.29-16.14.14:622][  0]LogPackFactory: Copied "../../../Samples/StarterContent/Content/StarterContent/Textures/T_CobbleStone_Pebble_M.uasset" to "../../../../../../Users/Fahad/Desktop/MX2 Game Suite/GitHub Directory/03_BuildingEscape/BuildingEscape/Content/StarterContent/Textures/T_CobbleStone_Pebble_M.uasset"
[2016.05.29-16.14.14:724][  0]LogPackFactory: Copied "../../../Samples/StarterContent/Content/StarterContent/Textures/T_CobbleStone_Pebble_N.uasset" to "../../../../../../Users/Fahad/Desktop/MX2 Game Suite/GitHub Directory/03_BuildingEscape/BuildingEscape/Content/StarterContent/Textures/T_CobbleStone_Pebble_N.uasset"
[2016.05.29-16.14.14:762][  0]LogPackFactory: Copied "../../../Samples/StarterContent/Content/StarterContent/Textures/T_CobbleStone_Rough_D.uasset" to "../../../../../../Users/Fahad/Desktop/MX2 Game Suite/GitHub Directory/03_BuildingEscape/BuildingEscape/Content/StarterContent/Textures/T_CobbleStone_Rough_D.uasset"
[2016.05.29-16.14.14:788][  0]LogPackFactory: Copied "../../../Samples/StarterContent/Content/StarterContent/Textures/T_CobbleStone_Rough_N.uasset" to "../../../../../../Users/Fahad/Desktop/MX2 Game Suite/GitHub Directory/03_BuildingEscape/BuildingEscape/Content/StarterContent/Textures/T_CobbleStone_Rough_N.uasset"
[2016.05.29-16.14.14:850][  0]LogPackFactory: Copied "../../../Samples/StarterContent/Content/StarterContent/Textures/T_CobbleStone_Smooth_D.uasset" to "../../../../../../Users/Fahad/Desktop/MX2 Game Suite/GitHub Directory/03_BuildingEscape/BuildingEscape/Content/StarterContent/Textures/T_CobbleStone_Smooth_D.uasset"
[2016.05.29-16.14.14:911][  0]LogPackFactory: Copied "../../../Samples/StarterContent/Content/StarterContent/Textures/T_CobbleStone_Smooth_M.uasset" to "../../../../../../Users/Fahad/Desktop/MX2 Game Suite/GitHub Directory/03_BuildingEscape/BuildingEscape/Content/StarterContent/Textures/T_CobbleStone_Smooth_M.uasset"
[2016.05.29-16.14.15:005][  0]LogPackFactory: Copied "../../../Samples/StarterContent/Content/StarterContent/Textures/T_CobbleStone_Smooth_N.uasset" to "../../../../../../Users/Fahad/Desktop/MX2 Game Suite/GitHub Directory/03_BuildingEscape/BuildingEscape/Content/StarterContent/Textures/T_CobbleStone_Smooth_N.uasset"
[2016.05.29-16.14.15:094][  0]LogPackFactory: Copied "../../../Samples/StarterContent/Content/StarterContent/Textures/T_Concrete_Grime_D.uasset" to "../../../../../../Users/Fahad/Desktop/MX2 Game Suite/GitHub Directory/03_BuildingEscape/BuildingEscape/Content/StarterContent/Textures/T_Concrete_Grime_D.uasset"
[2016.05.29-16.14.15:171][  0]LogPackFactory: Copied "../../../Samples/StarterContent/Content/StarterContent/Textures/T_Concrete_Panels_D.uasset" to "../../../../../../Users/Fahad/Desktop/MX2 Game Suite/GitHub Directory/03_BuildingEscape/BuildingEscape/Content/StarterContent/Textures/T_Concrete_Panels_D.uasset"
[2016.05.29-16.14.15:229][  0]LogPackFactory: Copied "../../../Samples/StarterContent/Content/StarterContent/Textures/T_Concrete_Panels_N.uasset" to "../../../../../../Users/Fahad/Desktop/MX2 Game Suite/GitHub Directory/03_BuildingEscape/BuildingEscape/Content/StarterContent/Textures/T_Concrete_Panels_N.uasset"
[2016.05.29-16.14.16:093][  0]LogPackFactory: Copied "../../../Samples/StarterContent/Content/StarterContent/Textures/T_Concrete_Poured_D.uasset" to "../../../../../../Users/Fahad/Desktop/MX2 Game Suite/GitHub Directory/03_BuildingEscape/BuildingEscape/Content/StarterContent/Textures/T_Concrete_Poured_D.uasset"
[2016.05.29-16.14.16:242][  0]LogPackFactory: Copied "../../../Samples/StarterContent/Content/StarterContent/Textures/T_Concrete_Poured_N.uasset" to "../../../../../../Users/Fahad/Desktop/MX2 Game Suite/GitHub Directory/03_BuildingEscape/BuildingEscape/Content/StarterContent/Textures/T_Concrete_Poured_N.uasset"
[2016.05.29-16.14.16:292][  0]LogPackFactory: Copied "../../../Samples/StarterContent/Content/StarterContent/Textures/T_Concrete_Tiles_D.uasset" to "../../../../../../Users/Fahad/Desktop/MX2 Game Suite/GitHub Directory/03_BuildingEscape/BuildingEscape/Content/StarterContent/Textures/T_Concrete_Tiles_D.uasset"
[2016.05.29-16.14.16:345][  0]LogPackFactory: Copied "../../../Samples/StarterContent/Content/StarterContent/Textures/T_Concrete_Tiles_M.uasset" to "../../../../../../Users/Fahad/Desktop/MX2 Game Suite/GitHub Directory/03_BuildingEscape/BuildingEscape/Content/StarterContent/Textures/T_Concrete_Tiles_M.uasset"
[2016.05.29-16.14.16:407][  0]LogPackFactory: Copied "../../../Samples/StarterContent/Content/StarterContent/Textures/T_Concrete_Tiles_N.uasset" to "../../../../../../Users/Fahad/Desktop/MX2 Game Suite/GitHub Directory/03_BuildingEscape/BuildingEscape/Content/StarterContent/Textures/T_Concrete_Tiles_N.uasset"
[2016.05.29-16.14.16:416][  0]LogPackFactory: Copied "../../../Samples/StarterContent/Content/StarterContent/Textures/T_Concrete_Tiles_Variation_M.uasset" to "../../../../../../Users/Fahad/Desktop/MX2 Game Suite/GitHub Directory/03_BuildingEscape/BuildingEscape/Content/StarterContent/Textures/T_Concrete_Tiles_Variation_M.uasset"
[2016.05.29-16.14.16:444][  0]LogPackFactory: Copied "../../../Samples/StarterContent/Content/StarterContent/Textures/T_Detail_Rocky_N.uasset" to "../../../../../../Users/Fahad/Desktop/MX2 Game Suite/GitHub Directory/03_BuildingEscape/BuildingEscape/Content/StarterContent/Textures/T_Detail_Rocky_N.uasset"
[2016.05.29-16.14.16:459][  0]LogPackFactory: Copied "../../../Samples/StarterContent/Content/StarterContent/Textures/T_Door_M.uasset" to "../../../../../../Users/Fahad/Desktop/MX2 Game Suite/GitHub Directory/03_BuildingEscape/BuildingEscape/Content/StarterContent/Textures/T_Door_M.uasset"
[2016.05.29-16.14.16:485][  0]LogPackFactory: Copied "../../../Samples/StarterContent/Content/StarterContent/Textures/T_Door_N.uasset" to "../../../../../../Users/Fahad/Desktop/MX2 Game Suite/GitHub Directory/03_BuildingEscape/BuildingEscape/Content/StarterContent/Textures/T_Door_N.uasset"
[2016.05.29-16.14.16:500][  0]LogPackFactory: Copied "../../../Samples/StarterContent/Content/StarterContent/Textures/T_Dust_Particle_D.uasset" to "../../../../../../Users/Fahad/Desktop/MX2 Game Suite/GitHub Directory/03_BuildingEscape/BuildingEscape/Content/StarterContent/Textures/T_Dust_Particle_D.uasset"
[2016.05.29-16.14.18:354][  0]LogPackFactory: Copied "../../../Samples/StarterContent/Content/StarterContent/Textures/T_Explosion_SubUV.uasset" to "../../../../../../Users/Fahad/Desktop/MX2 Game Suite/GitHub Directory/03_BuildingEscape/BuildingEscape/Content/StarterContent/Textures/T_Explosion_SubUV.uasset"
[2016.05.29-16.14.18:372][  0]LogPackFactory: Copied "../../../Samples/StarterContent/Content/StarterContent/Textures/T_Fire_SubUV.uasset" to "../../../../../../Users/Fahad/Desktop/MX2 Game Suite/GitHub Directory/03_BuildingEscape/BuildingEscape/Content/StarterContent/Textures/T_Fire_SubUV.uasset"
[2016.05.29-16.14.18:443][  0]LogPackFactory: Copied "../../../Samples/StarterContent/Content/StarterContent/Textures/T_Fire_Tiled_D.uasset" to "../../../../../../Users/Fahad/Desktop/MX2 Game Suite/GitHub Directory/03_BuildingEscape/BuildingEscape/Content/StarterContent/Textures/T_Fire_Tiled_D.uasset"
[2016.05.29-16.14.18:458][  0]LogPackFactory: Copied "../../../Samples/StarterContent/Content/StarterContent/Textures/T_Frame_M.uasset" to "../../../../../../Users/Fahad/Desktop/MX2 Game Suite/GitHub Directory/03_BuildingEscape/BuildingEscape/Content/StarterContent/Textures/T_Frame_M.uasset"
[2016.05.29-16.14.18:479][  0]LogPackFactory: Copied "../../../Samples/StarterContent/Content/StarterContent/Textures/T_Frame_N.uasset" to "../../../../../../Users/Fahad/Desktop/MX2 Game Suite/GitHub Directory/03_BuildingEscape/BuildingEscape/Content/StarterContent/Textures/T_Frame_N.uasset"
[2016.05.29-16.14.18:488][  0]LogPackFactory: Copied "../../../Samples/StarterContent/Content/StarterContent/Textures/T_Gradinet_01.uasset" to "../../../../../../Users/Fahad/Desktop/MX2 Game Suite/GitHub Directory/03_BuildingEscape/BuildingEscape/Content/StarterContent/Textures/T_Gradinet_01.uasset"
[2016.05.29-16.14.18:603][  0]LogPackFactory: Copied "../../../Samples/StarterContent/Content/StarterContent/Textures/T_Ground_Grass_D.uasset" to "../../../../../../Users/Fahad/Desktop/MX2 Game Suite/GitHub Directory/03_BuildingEscape/BuildingEscape/Content/StarterContent/Textures/T_Ground_Grass_D.uasset"
[2016.05.29-16.14.18:761][  0]LogPackFactory: Copied "../../../Samples/StarterContent/Content/StarterContent/Textures/T_Ground_Grass_N.uasset" to "../../../../../../Users/Fahad/Desktop/MX2 Game Suite/GitHub Directory/03_BuildingEscape/BuildingEscape/Content/StarterContent/Textures/T_Ground_Grass_N.uasset"
[2016.05.29-16.14.18:864][  0]LogPackFactory: Copied "../../../Samples/StarterContent/Content/StarterContent/Textures/T_Ground_Gravel_D.uasset" to "../../../../../../Users/Fahad/Desktop/MX2 Game Suite/GitHub Directory/03_BuildingEscape/BuildingEscape/Content/StarterContent/Textures/T_Ground_Gravel_D.uasset"
[2016.05.29-16.14.18:932][  0]LogPackFactory: Copied "../../../Samples/StarterContent/Content/StarterContent/Textures/T_Ground_Gravel_N.uasset" to "../../../../../../Users/Fahad/Desktop/MX2 Game Suite/GitHub Directory/03_BuildingEscape/BuildingEscape/Content/StarterContent/Textures/T_Ground_Gravel_N.uasset"
[2016.05.29-16.14.19:080][  0]LogPackFactory: Copied "../../../Samples/StarterContent/Content/StarterContent/Textures/T_ground_Moss_D.uasset" to "../../../../../../Users/Fahad/Desktop/MX2 Game Suite/GitHub Directory/03_BuildingEscape/BuildingEscape/Content/StarterContent/Textures/T_ground_Moss_D.uasset"
[2016.05.29-16.14.19:158][  0]LogPackFactory: Copied "../../../Samples/StarterContent/Content/StarterContent/Textures/T_Ground_Moss_N.uasset" to "../../../../../../Users/Fahad/Desktop/MX2 Game Suite/GitHub Directory/03_BuildingEscape/BuildingEscape/Content/StarterContent/Textures/T_Ground_Moss_N.uasset"
[2016.05.29-16.14.19:178][  0]LogPackFactory: Copied "../../../Samples/StarterContent/Content/StarterContent/Textures/T_Lamp_M.uasset" to "../../../../../../Users/Fahad/Desktop/MX2 Game Suite/GitHub Directory/03_BuildingEscape/BuildingEscape/Content/StarterContent/Textures/T_Lamp_M.uasset"
[2016.05.29-16.14.19:207][  0]LogPackFactory: Copied "../../../Samples/StarterContent/Content/StarterContent/Textures/T_Lamp_N.uasset" to "../../../../../../Users/Fahad/Desktop/MX2 Game Suite/GitHub Directory/03_BuildingEscape/BuildingEscape/Content/StarterContent/Textures/T_Lamp_N.uasset"
[2016.05.29-16.14.20:465][  0]LogPackFactory: Copied "../../../Samples/StarterContent/Content/StarterContent/Textures/T_MacroVariation.uasset" to "../../../../../../Users/Fahad/Desktop/MX2 Game Suite/GitHub Directory/03_BuildingEscape/BuildingEscape/Content/StarterContent/Textures/T_MacroVariation.uasset"
[2016.05.29-16.14.20:561][  0]LogPackFactory: Copied "../../../Samples/StarterContent/Content/StarterContent/Textures/T_Metal_Aluminum_D.uasset" to "../../../../../../Users/Fahad/Desktop/MX2 Game Suite/GitHub Directory/03_BuildingEscape/BuildingEscape/Content/StarterContent/Textures/T_Metal_Aluminum_D.uasset"
[2016.05.29-16.14.20:632][  0]LogPackFactory: Copied "../../../Samples/StarterContent/Content/StarterContent/Textures/T_Metal_Copper_D.uasset" to "../../../../../../Users/Fahad/Desktop/MX2 Game Suite/GitHub Directory/03_BuildingEscape/BuildingEscape/Content/StarterContent/Textures/T_Metal_Copper_D.uasset"
[2016.05.29-16.14.20:793][  0]LogPackFactory: Copied "../../../Samples/StarterContent/Content/StarterContent/Textures/T_Metal_Gold_D.uasset" to "../../../../../../Users/Fahad/Desktop/MX2 Game Suite/GitHub Directory/03_BuildingEscape/BuildingEscape/Content/StarterContent/Textures/T_Metal_Gold_D.uasset"
[2016.05.29-16.14.20:955][  0]LogPackFactory: Copied "../../../Samples/StarterContent/Content/StarterContent/Textures/T_Metal_Gold_N.uasset" to "../../../../../../Users/Fahad/Desktop/MX2 Game Suite/GitHub Directory/03_BuildingEscape/BuildingEscape/Content/StarterContent/Textures/T_Metal_Gold_N.uasset"
[2016.05.29-16.14.21:036][  0]LogPackFactory: Copied "../../../Samples/StarterContent/Content/StarterContent/Textures/T_Metal_Rust_D.uasset" to "../../../../../../Users/Fahad/Desktop/MX2 Game Suite/GitHub Directory/03_BuildingEscape/BuildingEscape/Content/StarterContent/Textures/T_Metal_Rust_D.uasset"
[2016.05.29-16.14.21:103][  0]LogPackFactory: Copied "../../../Samples/StarterContent/Content/StarterContent/Textures/T_Metal_Rust_N.uasset" to "../../../../../../Users/Fahad/Desktop/MX2 Game Suite/GitHub Directory/03_BuildingEscape/BuildingEscape/Content/StarterContent/Textures/T_Metal_Rust_N.uasset"
[2016.05.29-16.14.21:138][  0]LogPackFactory: Copied "../../../Samples/StarterContent/Content/StarterContent/Textures/T_Metal_Steel_D.uasset" to "../../../../../../Users/Fahad/Desktop/MX2 Game Suite/GitHub Directory/03_BuildingEscape/BuildingEscape/Content/StarterContent/Textures/T_Metal_Steel_D.uasset"
[2016.05.29-16.14.21:200][  0]LogPackFactory: Copied "../../../Samples/StarterContent/Content/StarterContent/Textures/T_Metal_Steel_N.uasset" to "../../../../../../Users/Fahad/Desktop/MX2 Game Suite/GitHub Directory/03_BuildingEscape/BuildingEscape/Content/StarterContent/Textures/T_Metal_Steel_N.uasset"
[2016.05.29-16.14.21:273][  0]LogPackFactory: Copied "../../../Samples/StarterContent/Content/StarterContent/Textures/T_Perlin_Noise_M.uasset" to "../../../../../../Users/Fahad/Desktop/MX2 Game Suite/GitHub Directory/03_BuildingEscape/BuildingEscape/Content/StarterContent/Textures/T_Perlin_Noise_M.uasset"
[2016.05.29-16.14.21:302][  0]LogPackFactory: Copied "../../../Samples/StarterContent/Content/StarterContent/Textures/T_RockMesh_M.uasset" to "../../../../../../Users/Fahad/Desktop/MX2 Game Suite/GitHub Directory/03_BuildingEscape/BuildingEscape/Content/StarterContent/Textures/T_RockMesh_M.uasset"
[2016.05.29-16.14.21:355][  0]LogPackFactory: Copied "../../../Samples/StarterContent/Content/StarterContent/Textures/T_RockMesh_N.uasset" to "../../../../../../Users/Fahad/Desktop/MX2 Game Suite/GitHub Directory/03_BuildingEscape/BuildingEscape/Content/StarterContent/Textures/T_RockMesh_N.uasset"
[2016.05.29-16.14.21:589][  0]LogPackFactory: Copied "../../../Samples/StarterContent/Content/StarterContent/Textures/T_Rock_Basalt_D.uasset" to "../../../../../../Users/Fahad/Desktop/MX2 Game Suite/GitHub Directory/03_BuildingEscape/BuildingEscape/Content/StarterContent/Textures/T_Rock_Basalt_D.uasset"
[2016.05.29-16.14.21:660][  0]LogPackFactory: Copied "../../../Samples/StarterContent/Content/StarterContent/Textures/T_Rock_Basalt_N.uasset" to "../../../../../../Users/Fahad/Desktop/MX2 Game Suite/GitHub Directory/03_BuildingEscape/BuildingEscape/Content/StarterContent/Textures/T_Rock_Basalt_N.uasset"
[2016.05.29-16.14.21:713][  0]LogPackFactory: Copied "../../../Samples/StarterContent/Content/StarterContent/Textures/T_Rock_Marble_Polished_D.uasset" to "../../../../../../Users/Fahad/Desktop/MX2 Game Suite/GitHub Directory/03_BuildingEscape/BuildingEscape/Content/StarterContent/Textures/T_Rock_Marble_Polished_D.uasset"
[2016.05.29-16.14.21:795][  0]LogPackFactory: Copied "../../../Samples/StarterContent/Content/StarterContent/Textures/T_Rock_Sandstone_D.uasset" to "../../../../../../Users/Fahad/Desktop/MX2 Game Suite/GitHub Directory/03_BuildingEscape/BuildingEscape/Content/StarterContent/Textures/T_Rock_Sandstone_D.uasset"
[2016.05.29-16.14.21:865][  0]LogPackFactory: Copied "../../../Samples/StarterContent/Content/StarterContent/Textures/T_Rock_Sandstone_N.uasset" to "../../../../../../Users/Fahad/Desktop/MX2 Game Suite/GitHub Directory/03_BuildingEscape/BuildingEscape/Content/StarterContent/Textures/T_Rock_Sandstone_N.uasset"
[2016.05.29-16.14.22:002][  0]LogPackFactory: Copied "../../../Samples/StarterContent/Content/StarterContent/Textures/T_Rock_Slate_D.uasset" to "../../../../../../Users/Fahad/Desktop/MX2 Game Suite/GitHub Directory/03_BuildingEscape/BuildingEscape/Content/StarterContent/Textures/T_Rock_Slate_D.uasset"
[2016.05.29-16.14.26:363][  0]LogPackFactory: Copied "../../../Samples/StarterContent/Content/StarterContent/Textures/T_Rock_Slate_N.uasset" to "../../../../../../Users/Fahad/Desktop/MX2 Game Suite/GitHub Directory/03_BuildingEscape/BuildingEscape/Content/StarterContent/Textures/T_Rock_Slate_N.uasset"
[2016.05.29-16.14.27:481][  0]LogPackFactory: Copied "../../../Samples/StarterContent/Content/StarterContent/Textures/T_Rock_Smooth_Granite_D.uasset" to "../../../../../../Users/Fahad/Desktop/MX2 Game Suite/GitHub Directory/03_BuildingEscape/BuildingEscape/Content/StarterContent/Textures/T_Rock_Smooth_Granite_D.uasset"
[2016.05.29-16.14.27:497][  0]LogPackFactory: Copied "../../../Samples/StarterContent/Content/StarterContent/Textures/T_Shelf_M.uasset" to "../../../../../../Users/Fahad/Desktop/MX2 Game Suite/GitHub Directory/03_BuildingEscape/BuildingEscape/Content/StarterContent/Textures/T_Shelf_M.uasset"
[2016.05.29-16.14.27:524][  0]LogPackFactory: Copied "../../../Samples/StarterContent/Content/StarterContent/Textures/T_Shelf_N.uasset" to "../../../../../../Users/Fahad/Desktop/MX2 Game Suite/GitHub Directory/03_BuildingEscape/BuildingEscape/Content/StarterContent/Textures/T_Shelf_N.uasset"
[2016.05.29-16.14.27:549][  0]LogPackFactory: Copied "../../../Samples/StarterContent/Content/StarterContent/Textures/T_Single_Tile_N.uasset" to "../../../../../../Users/Fahad/Desktop/MX2 Game Suite/GitHub Directory/03_BuildingEscape/BuildingEscape/Content/StarterContent/Textures/T_Single_Tile_N.uasset"
[2016.05.29-16.14.27:585][  0]LogPackFactory: Copied "../../../Samples/StarterContent/Content/StarterContent/Textures/T_Smoke_SubUV.uasset" to "../../../../../../Users/Fahad/Desktop/MX2 Game Suite/GitHub Directory/03_BuildingEscape/BuildingEscape/Content/StarterContent/Textures/T_Smoke_SubUV.uasset"
[2016.05.29-16.14.27:601][  0]LogPackFactory: Copied "../../../Samples/StarterContent/Content/StarterContent/Textures/T_Smoke_Tiled_D.uasset" to "../../../../../../Users/Fahad/Desktop/MX2 Game Suite/GitHub Directory/03_BuildingEscape/BuildingEscape/Content/StarterContent/Textures/T_Smoke_Tiled_D.uasset"
[2016.05.29-16.14.27:610][  0]LogPackFactory: Copied "../../../Samples/StarterContent/Content/StarterContent/Textures/T_Spark_Core.uasset" to "../../../../../../Users/Fahad/Desktop/MX2 Game Suite/GitHub Directory/03_BuildingEscape/BuildingEscape/Content/StarterContent/Textures/T_Spark_Core.uasset"
[2016.05.29-16.14.27:622][  0]LogPackFactory: Copied "../../../Samples/StarterContent/Content/StarterContent/Textures/T_Statue_M.uasset" to "../../../../../../Users/Fahad/Desktop/MX2 Game Suite/GitHub Directory/03_BuildingEscape/BuildingEscape/Content/StarterContent/Textures/T_Statue_M.uasset"
[2016.05.29-16.14.27:669][  0]LogPackFactory: Copied "../../../Samples/StarterContent/Content/StarterContent/Textures/T_Statue_N.uasset" to "../../../../../../Users/Fahad/Desktop/MX2 Game Suite/GitHub Directory/03_BuildingEscape/BuildingEscape/Content/StarterContent/Textures/T_Statue_N.uasset"
[2016.05.29-16.14.27:700][  0]LogPackFactory: Copied "../../../Samples/StarterContent/Content/StarterContent/Textures/T_TableRound_M.uasset" to "../../../../../../Users/Fahad/Desktop/MX2 Game Suite/GitHub Directory/03_BuildingEscape/BuildingEscape/Content/StarterContent/Textures/T_TableRound_M.uasset"
[2016.05.29-16.14.27:723][  0]LogPackFactory: Copied "../../../Samples/StarterContent/Content/StarterContent/Textures/T_TableRound_N.uasset" to "../../../../../../Users/Fahad/Desktop/MX2 Game Suite/GitHub Directory/03_BuildingEscape/BuildingEscape/Content/StarterContent/Textures/T_TableRound_N.uasset"
[2016.05.29-16.14.28:059][  0]LogPackFactory: Copied "../../../Samples/StarterContent/Content/StarterContent/Textures/T_Tech_Dot_M.uasset" to "../../../../../../Users/Fahad/Desktop/MX2 Game Suite/GitHub Directory/03_BuildingEscape/BuildingEscape/Content/StarterContent/Textures/T_Tech_Dot_M.uasset"
[2016.05.29-16.14.28:348][  0]LogPackFactory: Copied "../../../Samples/StarterContent/Content/StarterContent/Textures/T_Tech_Dot_N.uasset" to "../../../../../../Users/Fahad/Desktop/MX2 Game Suite/GitHub Directory/03_BuildingEscape/BuildingEscape/Content/StarterContent/Textures/T_Tech_Dot_N.uasset"
[2016.05.29-16.14.28:434][  0]LogPackFactory: Copied "../../../Samples/StarterContent/Content/StarterContent/Textures/T_Tech_Hex_Tile_M.uasset" to "../../../../../../Users/Fahad/Desktop/MX2 Game Suite/GitHub Directory/03_BuildingEscape/BuildingEscape/Content/StarterContent/Textures/T_Tech_Hex_Tile_M.uasset"
[2016.05.29-16.14.28:453][  0]LogPackFactory: Copied "../../../Samples/StarterContent/Content/StarterContent/Textures/T_Tech_Hex_Tile_N.uasset" to "../../../../../../Users/Fahad/Desktop/MX2 Game Suite/GitHub Directory/03_BuildingEscape/BuildingEscape/Content/StarterContent/Textures/T_Tech_Hex_Tile_N.uasset"
[2016.05.29-16.14.28:470][  0]LogPackFactory: Copied "../../../Samples/StarterContent/Content/StarterContent/Textures/T_Tech_Panel_M.uasset" to "../../../../../../Users/Fahad/Desktop/MX2 Game Suite/GitHub Directory/03_BuildingEscape/BuildingEscape/Content/StarterContent/Textures/T_Tech_Panel_M.uasset"
[2016.05.29-16.14.28:492][  0]LogPackFactory: Copied "../../../Samples/StarterContent/Content/StarterContent/Textures/T_Tech_Panel_N.uasset" to "../../../../../../Users/Fahad/Desktop/MX2 Game Suite/GitHub Directory/03_BuildingEscape/BuildingEscape/Content/StarterContent/Textures/T_Tech_Panel_N.uasset"
[2016.05.29-16.14.28:515][  0]LogPackFactory: Copied "../../../Samples/StarterContent/Content/StarterContent/Textures/T_Water_M.uasset" to "../../../../../../Users/Fahad/Desktop/MX2 Game Suite/GitHub Directory/03_BuildingEscape/BuildingEscape/Content/StarterContent/Textures/T_Water_M.uasset"
[2016.05.29-16.14.28:548][  0]LogPackFactory: Copied "../../../Samples/StarterContent/Content/StarterContent/Textures/T_Water_N.uasset" to "../../../../../../Users/Fahad/Desktop/MX2 Game Suite/GitHub Directory/03_BuildingEscape/BuildingEscape/Content/StarterContent/Textures/T_Water_N.uasset"
[2016.05.29-16.14.28:602][  0]LogPackFactory: Copied "../../../Samples/StarterContent/Content/StarterContent/Textures/T_Wood_Floor_Walnut_D.uasset" to "../../../../../../Users/Fahad/Desktop/MX2 Game Suite/GitHub Directory/03_BuildingEscape/BuildingEscape/Content/StarterContent/Textures/T_Wood_Floor_Walnut_D.uasset"
[2016.05.29-16.14.28:643][  0]LogPackFactory: Copied "../../../Samples/StarterContent/Content/StarterContent/Textures/T_Wood_Floor_Walnut_M.uasset" to "../../../../../../Users/Fahad/Desktop/MX2 Game Suite/GitHub Directory/03_BuildingEscape/BuildingEscape/Content/StarterContent/Textures/T_Wood_Floor_Walnut_M.uasset"
[2016.05.29-16.14.28:694][  0]LogPackFactory: Copied "../../../Samples/StarterContent/Content/StarterContent/Textures/T_Wood_Floor_Walnut_N.uasset" to "../../../../../../Users/Fahad/Desktop/MX2 Game Suite/GitHub Directory/03_BuildingEscape/BuildingEscape/Content/StarterContent/Textures/T_Wood_Floor_Walnut_N.uasset"
[2016.05.29-16.14.28:754][  0]LogPackFactory: Copied "../../../Samples/StarterContent/Content/StarterContent/Textures/T_Wood_Oak_D.uasset" to "../../../../../../Users/Fahad/Desktop/MX2 Game Suite/GitHub Directory/03_BuildingEscape/BuildingEscape/Content/StarterContent/Textures/T_Wood_Oak_D.uasset"
[2016.05.29-16.14.28:851][  0]LogPackFactory: Copied "../../../Samples/StarterContent/Content/StarterContent/Textures/T_Wood_Oak_N.uasset" to "../../../../../../Users/Fahad/Desktop/MX2 Game Suite/GitHub Directory/03_BuildingEscape/BuildingEscape/Content/StarterContent/Textures/T_Wood_Oak_N.uasset"
[2016.05.29-16.14.28:967][  0]LogPackFactory: Copied "../../../Samples/StarterContent/Content/StarterContent/Textures/T_Wood_Pine_D.uasset" to "../../../../../../Users/Fahad/Desktop/MX2 Game Suite/GitHub Directory/03_BuildingEscape/BuildingEscape/Content/StarterContent/Textures/T_Wood_Pine_D.uasset"
[2016.05.29-16.14.29:007][  0]LogPackFactory: Copied "../../../Samples/StarterContent/Content/StarterContent/Textures/T_Wood_Pine_N.uasset" to "../../../../../../Users/Fahad/Desktop/MX2 Game Suite/GitHub Directory/03_BuildingEscape/BuildingEscape/Content/StarterContent/Textures/T_Wood_Pine_N.uasset"
[2016.05.29-16.14.29:062][  0]LogPackFactory: Copied "../../../Samples/StarterContent/Content/StarterContent/Textures/T_Wood_Walnut_D.uasset" to "../../../../../../Users/Fahad/Desktop/MX2 Game Suite/GitHub Directory/03_BuildingEscape/BuildingEscape/Content/StarterContent/Textures/T_Wood_Walnut_D.uasset"
[2016.05.29-16.14.29:252][  0]LogPackFactory: Copied "../../../Samples/StarterContent/Content/StarterContent/Textures/T_Wood_Walnut_N.uasset" to "../../../../../../Users/Fahad/Desktop/MX2 Game Suite/GitHub Directory/03_BuildingEscape/BuildingEscape/Content/StarterContent/Textures/T_Wood_Walnut_N.uasset"
[2016.05.29-16.14.31:038][  0]LogRenderer: Reallocating scene render targets to support 256x256 (Frame:2).
[2016.05.29-16.14.32:446][  0]LogSavePackage: Save=150.33ms
[2016.05.29-16.14.32:446][  0]LogSavePackage: Moving '../../../../../../Users/Fahad/Desktop/MX2 Game Suite/GitHub Directory/03_BuildingEscape/BuildingEscape/Saved/Floor_400x400D448C2744CD16934C18723828C57DAF9.tmp' to '../../../../../../Users/Fahad/Desktop/MX2 Game Suite/GitHub Directory/03_BuildingEscape/BuildingEscape/Content/StarterContent/Architecture/Floor_400x400.uasset'
[2016.05.29-16.14.32:550][  0]LogSavePackage: Total save time: 290.83ms
[2016.05.29-16.14.32:550][  0]LogSavePackage:Display: Finished SavePackage ../../../../../../Users/Fahad/Desktop/MX2 Game Suite/GitHub Directory/03_BuildingEscape/BuildingEscape/Content/StarterContent/Architecture/Floor_400x400.uasset
[2016.05.29-16.14.32:550][  0]LogFeaturePack:Warning: Inserted 1 feature packs
[2016.05.29-16.14.32:556][  0]LightingResults: New page: Lighting Build
[2016.05.29-16.14.32:560][  0]MapCheck: New page: Map Check
[2016.05.29-16.14.32:560][  0]LightingResults: New page: Lighting Build
[2016.05.29-16.14.34:570][  0]LogAIModule: Creating AISystem for world Minimal_Default
[2016.05.29-16.14.35:536][  0]LogEditorServer: Finished looking for orphan Actors (0.000 secs)
[2016.05.29-16.14.35:549][  0]Cmd: MAP CHECKDEP NOCLEARLOG
[2016.05.29-16.14.35:630][  0]MapCheck: Info Map check complete: 0 Error(s), 0 Warning(s), took 80.348ms to complete.
[2016.05.29-16.14.35:630][  0]LogFileHelpers: Loading map 'Minimal_Default' took 3.078
[2016.05.29-16.14.36:763][  0]LogCollectionManager: Loaded 0 collections in 0.003026 seconds
[2016.05.29-16.14.36:925][  0]LogFileCache: Scanning file cache for directory 'C:/Users/Fahad/Desktop/MX2 Game Suite/GitHub Directory/03_BuildingEscape/BuildingEscape/Saved/Collections/' took 0.01s
[2016.05.29-16.14.36:925][  0]LogFileCache: Scanning file cache for directory 'C:/Users/Fahad/Desktop/MX2 Game Suite/GitHub Directory/03_BuildingEscape/BuildingEscape/Content/Developers/Fahad/Collections/' took 0.01s
[2016.05.29-16.14.36:925][  0]LogFileCache: Scanning file cache for directory 'C:/Users/Fahad/Desktop/MX2 Game Suite/GitHub Directory/03_BuildingEscape/BuildingEscape/Content/Collections/' took 0.01s
[2016.05.29-16.14.36:925][  0]LogCollectionManager: Rebuilt the GUID cache for 0 collections in 0.000003 seconds
[2016.05.29-16.14.36:934][  0]LogContentBrowser: Native class hierarchy populated in 0.0086 seconds. Added 1980 classes and 345 folders.
[2016.05.29-16.14.36:977][  0]LogStats: UGameplayTagsManager::ConstructGameplayTagTree: Construct from data asset -  0.000 s
[2016.05.29-16.14.36:977][  0]LogStats: UGameplayTagsManager::ConstructGameplayTagTree: GameplayTagTreeChangedEvent.Broadcast -  0.000 s
[2016.05.29-16.14.36:979][  0]LogContentBrowser: Native class hierarchy updated for 'GameplayTags' in 0.0017 seconds. Added 12 classes and 0 folders.
[2016.05.29-16.14.37:007][  0]LogContentBrowser: Native class hierarchy updated for 'WidgetCarousel' in 0.0016 seconds. Added 0 classes and 0 folders.
[2016.05.29-16.14.38:475][  0]LogContentBrowser: Native class hierarchy updated for 'SuperSearch' in 0.0016 seconds. Added 1 classes and 2 folders.
[2016.05.29-16.14.43:516][  0]LogContentBrowser: Native class hierarchy updated for 'AddContentDialog' in 0.0016 seconds. Added 0 classes and 0 folders.
[2016.05.29-16.14.44:409][  0]LogContentBrowser: Native class hierarchy updated for 'SceneOutliner' in 0.0016 seconds. Added 1 classes and 2 folders.
[2016.05.29-16.14.53:879][  0]LogCrashTracker: Crashtracker disabled due to settings.
[2016.05.29-16.14.54:951][  0]LogUObjectGlobals:Warning: Failed to find object 'Class None.'
[2016.05.29-16.14.55:040][  0]LogContentBrowser: Native class hierarchy updated for 'HierarchicalLODOutliner' in 0.0017 seconds. Added 1 classes and 2 folders.
[2016.05.29-16.14.55:041][  0]LogLoad: Full Startup: 114.04 seconds (BP compile: 0.04 seconds)
[2016.05.29-16.14.55:041][  0]LogExternalProfiler: Found external profiler: VSPerf
[2016.05.29-16.14.55:041][  0]LogExternalProfiler: Using external profiler: VSPerf
[2016.05.29-16.14.55:085][  0]LogWindowsTextInputMethodSystem:Display: IME system now deactivated.
[2016.05.29-16.14.55:085][  0]LogOcInput: OculusInput pre-init called
[2016.05.29-16.14.57:021][  0]LogContentStreaming: Texture pool size now 1000 MB
[2016.05.29-16.15.00:136][  0]LogRenderer: Reallocating scene render targets to 